MSP430 Assembler PC v15.12.3 Mon Oct 17 14:33:03 2016

Tools Copyright (c) 2003-2015 Texas Instruments Incorporated
C:\Users\madis\AppData\Local\Temp\046482                             PAGE    1

       1            ;******************************************************************************
       2            ;* MSP430 C/C++ Codegen                                       PC v15.12.3.LTS *
       3            ;* Date/Time created: Mon Oct 17 14:33:03 2016                                *
       4            ;******************************************************************************
       5                    .compiler_opts --abi=eabi --diag_wrap=off --hll_source=on --mem_model:code=large --mem_model:d
       6            
       7            $C$DW$CU        .dwtag  DW_TAG_compile_unit
       8                    .dwattr $C$DW$CU, DW_AT_name("../MSP430F5xx_6xx/dac12_a.c")
       9                    .dwattr $C$DW$CU, DW_AT_producer("TI MSP430 C/C++ Codegen PC v15.12.3.LTS Copyright (c) 2003-2
      10                    .dwattr $C$DW$CU, DW_AT_TI_version(0x01)
      11                    .dwattr $C$DW$CU, DW_AT_comp_dir("D:\CodeComposerProj\CardReader001\src\Debug")
      12            ;       D:\ti\ccsv6\tools\compiler\msp430_15.12.3.LTS\bin\opt430.exe D:/CodeComposerProj/CardReader001
      13            
      14            ;******************************************************************************
      15            ;* BUILD ATTRIBUTES                                                           *
      16            ;******************************************************************************
      17                    .battr "TI", Tag_File, 1, Tag_LPM_INFO(1)
      18                    .battr "TI", Tag_File, 1, Tag_PORTS_INIT_INFO("012345678901ABCDEFGHIJ0000000000001111000000000
      19                    .battr "TI", Tag_File, 1, Tag_HW_MPY32_INFO(2)
      20                    .battr "TI", Tag_File, 1, Tag_HW_MPY_ISR_INFO(1)
      21                    .battr "TI", Tag_File, 1, Tag_HW_MPY_INLINE_INFO(1)
      22                    .battr "mspabi", Tag_File, 1, Tag_enum_size(3)
      23            
      24            ;******************************************************************************
      25            ;* TYPE INFORMATION                                                           *
      26            ;******************************************************************************
      27            $C$DW$T$2       .dwtag  DW_TAG_unspecified_type
      28                    .dwattr $C$DW$T$2, DW_AT_name("void")
      29            
      30            
      31            $C$DW$T$19      .dwtag  DW_TAG_subroutine_type
      32                    .dwattr $C$DW$T$19, DW_AT_language(DW_LANG_C)
      33                    .dwendtag $C$DW$T$19
      34            
      35            $C$DW$T$20      .dwtag  DW_TAG_pointer_type
      36                    .dwattr $C$DW$T$20, DW_AT_type(*$C$DW$T$19)
      37                    .dwattr $C$DW$T$20, DW_AT_address_class(0x14)
      38            
      39            $C$DW$T$21      .dwtag  DW_TAG_typedef
      40                    .dwattr $C$DW$T$21, DW_AT_name("__SFR_FARPTR")
      41                    .dwattr $C$DW$T$21, DW_AT_type(*$C$DW$T$20)
      42                    .dwattr $C$DW$T$21, DW_AT_language(DW_LANG_C)
      43                    .dwattr $C$DW$T$21, DW_AT_decl_file("D:\ti\ccsv6\ccs_base\msp430\include\msp430f5529.h")
      44                    .dwattr $C$DW$T$21, DW_AT_decl_line(0x47)
      45                    .dwattr $C$DW$T$21, DW_AT_decl_column(0x11)
      46            
      47            $C$DW$T$4       .dwtag  DW_TAG_base_type
      48                    .dwattr $C$DW$T$4, DW_AT_encoding(DW_ATE_boolean)
      49                    .dwattr $C$DW$T$4, DW_AT_name("bool")
      50                    .dwattr $C$DW$T$4, DW_AT_byte_size(0x01)
      51            
      52            $C$DW$T$5       .dwtag  DW_TAG_base_type
      53                    .dwattr $C$DW$T$5, DW_AT_encoding(DW_ATE_signed_char)
      54                    .dwattr $C$DW$T$5, DW_AT_name("signed char")
      55                    .dwattr $C$DW$T$5, DW_AT_byte_size(0x01)
MSP430 Assembler PC v15.12.3 Mon Oct 17 14:33:03 2016

Tools Copyright (c) 2003-2015 Texas Instruments Incorporated
C:\Users\madis\AppData\Local\Temp\046482                             PAGE    2

      56            
      57            $C$DW$T$22      .dwtag  DW_TAG_typedef
      58                    .dwattr $C$DW$T$22, DW_AT_name("int8_t")
      59                    .dwattr $C$DW$T$22, DW_AT_type(*$C$DW$T$5)
      60                    .dwattr $C$DW$T$22, DW_AT_language(DW_LANG_C)
      61                    .dwattr $C$DW$T$22, DW_AT_decl_file("D:/ti/ccsv6/tools/compiler/msp430_15.12.3.LTS/include/std
      62                    .dwattr $C$DW$T$22, DW_AT_decl_line(0x2a)
      63                    .dwattr $C$DW$T$22, DW_AT_decl_column(0x1e)
      64            
      65            $C$DW$T$23      .dwtag  DW_TAG_typedef
      66                    .dwattr $C$DW$T$23, DW_AT_name("int_least8_t")
      67                    .dwattr $C$DW$T$23, DW_AT_type(*$C$DW$T$22)
      68                    .dwattr $C$DW$T$23, DW_AT_language(DW_LANG_C)
      69                    .dwattr $C$DW$T$23, DW_AT_decl_file("D:/ti/ccsv6/tools/compiler/msp430_15.12.3.LTS/include/std
      70                    .dwattr $C$DW$T$23, DW_AT_decl_line(0x37)
      71                    .dwattr $C$DW$T$23, DW_AT_decl_column(0x17)
      72            
      73            $C$DW$T$6       .dwtag  DW_TAG_base_type
      74                    .dwattr $C$DW$T$6, DW_AT_encoding(DW_ATE_unsigned_char)
      75                    .dwattr $C$DW$T$6, DW_AT_name("unsigned char")
      76                    .dwattr $C$DW$T$6, DW_AT_byte_size(0x01)
      77            
      78            $C$DW$T$24      .dwtag  DW_TAG_typedef
      79                    .dwattr $C$DW$T$24, DW_AT_name("uint8_t")
      80                    .dwattr $C$DW$T$24, DW_AT_type(*$C$DW$T$6)
      81                    .dwattr $C$DW$T$24, DW_AT_language(DW_LANG_C)
      82                    .dwattr $C$DW$T$24, DW_AT_decl_file("D:/ti/ccsv6/tools/compiler/msp430_15.12.3.LTS/include/std
      83                    .dwattr $C$DW$T$24, DW_AT_decl_line(0x2b)
      84                    .dwattr $C$DW$T$24, DW_AT_decl_column(0x1d)
      85            
      86            $C$DW$T$25      .dwtag  DW_TAG_typedef
      87                    .dwattr $C$DW$T$25, DW_AT_name("uint_least8_t")
      88                    .dwattr $C$DW$T$25, DW_AT_type(*$C$DW$T$24)
      89                    .dwattr $C$DW$T$25, DW_AT_language(DW_LANG_C)
      90                    .dwattr $C$DW$T$25, DW_AT_decl_file("D:/ti/ccsv6/tools/compiler/msp430_15.12.3.LTS/include/std
      91                    .dwattr $C$DW$T$25, DW_AT_decl_line(0x38)
      92                    .dwattr $C$DW$T$25, DW_AT_decl_column(0x16)
      93            
      94            $C$DW$T$7       .dwtag  DW_TAG_base_type
      95                    .dwattr $C$DW$T$7, DW_AT_encoding(DW_ATE_signed_char)
      96                    .dwattr $C$DW$T$7, DW_AT_name("wchar_t")
      97                    .dwattr $C$DW$T$7, DW_AT_byte_size(0x02)
      98            
      99            $C$DW$T$8       .dwtag  DW_TAG_base_type
     100                    .dwattr $C$DW$T$8, DW_AT_encoding(DW_ATE_signed)
     101                    .dwattr $C$DW$T$8, DW_AT_name("short")
     102                    .dwattr $C$DW$T$8, DW_AT_byte_size(0x02)
     103            
     104            $C$DW$T$9       .dwtag  DW_TAG_base_type
     105                    .dwattr $C$DW$T$9, DW_AT_encoding(DW_ATE_unsigned)
     106                    .dwattr $C$DW$T$9, DW_AT_name("unsigned short")
     107                    .dwattr $C$DW$T$9, DW_AT_byte_size(0x02)
     108            
     109            $C$DW$T$10      .dwtag  DW_TAG_base_type
     110                    .dwattr $C$DW$T$10, DW_AT_encoding(DW_ATE_signed)
MSP430 Assembler PC v15.12.3 Mon Oct 17 14:33:03 2016

Tools Copyright (c) 2003-2015 Texas Instruments Incorporated
C:\Users\madis\AppData\Local\Temp\046482                             PAGE    3

     111                    .dwattr $C$DW$T$10, DW_AT_name("int")
     112                    .dwattr $C$DW$T$10, DW_AT_byte_size(0x02)
     113            
     114            $C$DW$T$26      .dwtag  DW_TAG_typedef
     115                    .dwattr $C$DW$T$26, DW_AT_name("int16_t")
     116                    .dwattr $C$DW$T$26, DW_AT_type(*$C$DW$T$10)
     117                    .dwattr $C$DW$T$26, DW_AT_language(DW_LANG_C)
     118                    .dwattr $C$DW$T$26, DW_AT_decl_file("D:/ti/ccsv6/tools/compiler/msp430_15.12.3.LTS/include/std
     119                    .dwattr $C$DW$T$26, DW_AT_decl_line(0x2c)
     120                    .dwattr $C$DW$T$26, DW_AT_decl_column(0x1d)
     121            
     122            $C$DW$T$27      .dwtag  DW_TAG_typedef
     123                    .dwattr $C$DW$T$27, DW_AT_name("int_fast16_t")
     124                    .dwattr $C$DW$T$27, DW_AT_type(*$C$DW$T$26)
     125                    .dwattr $C$DW$T$27, DW_AT_language(DW_LANG_C)
     126                    .dwattr $C$DW$T$27, DW_AT_decl_file("D:/ti/ccsv6/tools/compiler/msp430_15.12.3.LTS/include/std
     127                    .dwattr $C$DW$T$27, DW_AT_decl_line(0x47)
     128                    .dwattr $C$DW$T$27, DW_AT_decl_column(0x17)
     129            
     130            $C$DW$T$28      .dwtag  DW_TAG_typedef
     131                    .dwattr $C$DW$T$28, DW_AT_name("int_fast8_t")
     132                    .dwattr $C$DW$T$28, DW_AT_type(*$C$DW$T$26)
     133                    .dwattr $C$DW$T$28, DW_AT_language(DW_LANG_C)
     134                    .dwattr $C$DW$T$28, DW_AT_decl_file("D:/ti/ccsv6/tools/compiler/msp430_15.12.3.LTS/include/std
     135                    .dwattr $C$DW$T$28, DW_AT_decl_line(0x45)
     136                    .dwattr $C$DW$T$28, DW_AT_decl_column(0x17)
     137            
     138            $C$DW$T$29      .dwtag  DW_TAG_typedef
     139                    .dwattr $C$DW$T$29, DW_AT_name("int_least16_t")
     140                    .dwattr $C$DW$T$29, DW_AT_type(*$C$DW$T$26)
     141                    .dwattr $C$DW$T$29, DW_AT_language(DW_LANG_C)
     142                    .dwattr $C$DW$T$29, DW_AT_decl_file("D:/ti/ccsv6/tools/compiler/msp430_15.12.3.LTS/include/std
     143                    .dwattr $C$DW$T$29, DW_AT_decl_line(0x3a)
     144                    .dwattr $C$DW$T$29, DW_AT_decl_column(0x17)
     145            
     146            $C$DW$T$11      .dwtag  DW_TAG_base_type
     147                    .dwattr $C$DW$T$11, DW_AT_encoding(DW_ATE_unsigned)
     148                    .dwattr $C$DW$T$11, DW_AT_name("unsigned int")
     149                    .dwattr $C$DW$T$11, DW_AT_byte_size(0x02)
     150            
     151            $C$DW$T$30      .dwtag  DW_TAG_typedef
     152                    .dwattr $C$DW$T$30, DW_AT_name("uint16_t")
     153                    .dwattr $C$DW$T$30, DW_AT_type(*$C$DW$T$11)
     154                    .dwattr $C$DW$T$30, DW_AT_language(DW_LANG_C)
     155                    .dwattr $C$DW$T$30, DW_AT_decl_file("D:/ti/ccsv6/tools/compiler/msp430_15.12.3.LTS/include/std
     156                    .dwattr $C$DW$T$30, DW_AT_decl_line(0x2d)
     157                    .dwattr $C$DW$T$30, DW_AT_decl_column(0x1c)
     158            
     159            $C$DW$T$31      .dwtag  DW_TAG_typedef
     160                    .dwattr $C$DW$T$31, DW_AT_name("uint_fast16_t")
     161                    .dwattr $C$DW$T$31, DW_AT_type(*$C$DW$T$30)
     162                    .dwattr $C$DW$T$31, DW_AT_language(DW_LANG_C)
     163                    .dwattr $C$DW$T$31, DW_AT_decl_file("D:/ti/ccsv6/tools/compiler/msp430_15.12.3.LTS/include/std
     164                    .dwattr $C$DW$T$31, DW_AT_decl_line(0x48)
     165                    .dwattr $C$DW$T$31, DW_AT_decl_column(0x16)
MSP430 Assembler PC v15.12.3 Mon Oct 17 14:33:03 2016

Tools Copyright (c) 2003-2015 Texas Instruments Incorporated
C:\Users\madis\AppData\Local\Temp\046482                             PAGE    4

     166            
     167            $C$DW$T$32      .dwtag  DW_TAG_typedef
     168                    .dwattr $C$DW$T$32, DW_AT_name("uint_fast8_t")
     169                    .dwattr $C$DW$T$32, DW_AT_type(*$C$DW$T$30)
     170                    .dwattr $C$DW$T$32, DW_AT_language(DW_LANG_C)
     171                    .dwattr $C$DW$T$32, DW_AT_decl_file("D:/ti/ccsv6/tools/compiler/msp430_15.12.3.LTS/include/std
     172                    .dwattr $C$DW$T$32, DW_AT_decl_line(0x46)
     173                    .dwattr $C$DW$T$32, DW_AT_decl_column(0x16)
     174            
     175            $C$DW$T$33      .dwtag  DW_TAG_typedef
     176                    .dwattr $C$DW$T$33, DW_AT_name("uint_least16_t")
     177                    .dwattr $C$DW$T$33, DW_AT_type(*$C$DW$T$30)
     178                    .dwattr $C$DW$T$33, DW_AT_language(DW_LANG_C)
     179                    .dwattr $C$DW$T$33, DW_AT_decl_file("D:/ti/ccsv6/tools/compiler/msp430_15.12.3.LTS/include/std
     180                    .dwattr $C$DW$T$33, DW_AT_decl_line(0x3b)
     181                    .dwattr $C$DW$T$33, DW_AT_decl_column(0x16)
     182            
     183            $C$DW$T$12      .dwtag  DW_TAG_base_type
     184                    .dwattr $C$DW$T$12, DW_AT_encoding(DW_ATE_signed)
     185                    .dwattr $C$DW$T$12, DW_AT_name("long")
     186                    .dwattr $C$DW$T$12, DW_AT_byte_size(0x04)
     187            
     188            $C$DW$T$34      .dwtag  DW_TAG_typedef
     189                    .dwattr $C$DW$T$34, DW_AT_name("int32_t")
     190                    .dwattr $C$DW$T$34, DW_AT_type(*$C$DW$T$12)
     191                    .dwattr $C$DW$T$34, DW_AT_language(DW_LANG_C)
     192                    .dwattr $C$DW$T$34, DW_AT_decl_file("D:/ti/ccsv6/tools/compiler/msp430_15.12.3.LTS/include/std
     193                    .dwattr $C$DW$T$34, DW_AT_decl_line(0x2e)
     194                    .dwattr $C$DW$T$34, DW_AT_decl_column(0x1d)
     195            
     196            $C$DW$T$35      .dwtag  DW_TAG_typedef
     197                    .dwattr $C$DW$T$35, DW_AT_name("int_fast32_t")
     198                    .dwattr $C$DW$T$35, DW_AT_type(*$C$DW$T$34)
     199                    .dwattr $C$DW$T$35, DW_AT_language(DW_LANG_C)
     200                    .dwattr $C$DW$T$35, DW_AT_decl_file("D:/ti/ccsv6/tools/compiler/msp430_15.12.3.LTS/include/std
     201                    .dwattr $C$DW$T$35, DW_AT_decl_line(0x4a)
     202                    .dwattr $C$DW$T$35, DW_AT_decl_column(0x17)
     203            
     204            $C$DW$T$36      .dwtag  DW_TAG_typedef
     205                    .dwattr $C$DW$T$36, DW_AT_name("int_least32_t")
     206                    .dwattr $C$DW$T$36, DW_AT_type(*$C$DW$T$34)
     207                    .dwattr $C$DW$T$36, DW_AT_language(DW_LANG_C)
     208                    .dwattr $C$DW$T$36, DW_AT_decl_file("D:/ti/ccsv6/tools/compiler/msp430_15.12.3.LTS/include/std
     209                    .dwattr $C$DW$T$36, DW_AT_decl_line(0x3c)
     210                    .dwattr $C$DW$T$36, DW_AT_decl_column(0x17)
     211            
     212            $C$DW$T$37      .dwtag  DW_TAG_typedef
     213                    .dwattr $C$DW$T$37, DW_AT_name("intptr_t")
     214                    .dwattr $C$DW$T$37, DW_AT_type(*$C$DW$T$12)
     215                    .dwattr $C$DW$T$37, DW_AT_language(DW_LANG_C)
     216                    .dwattr $C$DW$T$37, DW_AT_decl_file("D:/ti/ccsv6/tools/compiler/msp430_15.12.3.LTS/include/std
     217                    .dwattr $C$DW$T$37, DW_AT_decl_line(0x55)
     218                    .dwattr $C$DW$T$37, DW_AT_decl_column(0x1b)
     219            
     220            $C$DW$T$13      .dwtag  DW_TAG_base_type
MSP430 Assembler PC v15.12.3 Mon Oct 17 14:33:03 2016

Tools Copyright (c) 2003-2015 Texas Instruments Incorporated
C:\Users\madis\AppData\Local\Temp\046482                             PAGE    5

     221                    .dwattr $C$DW$T$13, DW_AT_encoding(DW_ATE_unsigned)
     222                    .dwattr $C$DW$T$13, DW_AT_name("unsigned long")
     223                    .dwattr $C$DW$T$13, DW_AT_byte_size(0x04)
     224            
     225            $C$DW$T$38      .dwtag  DW_TAG_typedef
     226                    .dwattr $C$DW$T$38, DW_AT_name("uint32_t")
     227                    .dwattr $C$DW$T$38, DW_AT_type(*$C$DW$T$13)
     228                    .dwattr $C$DW$T$38, DW_AT_language(DW_LANG_C)
     229                    .dwattr $C$DW$T$38, DW_AT_decl_file("D:/ti/ccsv6/tools/compiler/msp430_15.12.3.LTS/include/std
     230                    .dwattr $C$DW$T$38, DW_AT_decl_line(0x2f)
     231                    .dwattr $C$DW$T$38, DW_AT_decl_column(0x1c)
     232            
     233            $C$DW$T$39      .dwtag  DW_TAG_typedef
     234                    .dwattr $C$DW$T$39, DW_AT_name("uint_fast32_t")
     235                    .dwattr $C$DW$T$39, DW_AT_type(*$C$DW$T$38)
     236                    .dwattr $C$DW$T$39, DW_AT_language(DW_LANG_C)
     237                    .dwattr $C$DW$T$39, DW_AT_decl_file("D:/ti/ccsv6/tools/compiler/msp430_15.12.3.LTS/include/std
     238                    .dwattr $C$DW$T$39, DW_AT_decl_line(0x4b)
     239                    .dwattr $C$DW$T$39, DW_AT_decl_column(0x16)
     240            
     241            $C$DW$T$40      .dwtag  DW_TAG_typedef
     242                    .dwattr $C$DW$T$40, DW_AT_name("uint_least32_t")
     243                    .dwattr $C$DW$T$40, DW_AT_type(*$C$DW$T$38)
     244                    .dwattr $C$DW$T$40, DW_AT_language(DW_LANG_C)
     245                    .dwattr $C$DW$T$40, DW_AT_decl_file("D:/ti/ccsv6/tools/compiler/msp430_15.12.3.LTS/include/std
     246                    .dwattr $C$DW$T$40, DW_AT_decl_line(0x3d)
     247                    .dwattr $C$DW$T$40, DW_AT_decl_column(0x16)
     248            
     249            $C$DW$T$41      .dwtag  DW_TAG_typedef
     250                    .dwattr $C$DW$T$41, DW_AT_name("uintptr_t")
     251                    .dwattr $C$DW$T$41, DW_AT_type(*$C$DW$T$13)
     252                    .dwattr $C$DW$T$41, DW_AT_language(DW_LANG_C)
     253                    .dwattr $C$DW$T$41, DW_AT_decl_file("D:/ti/ccsv6/tools/compiler/msp430_15.12.3.LTS/include/std
     254                    .dwattr $C$DW$T$41, DW_AT_decl_line(0x56)
     255                    .dwattr $C$DW$T$41, DW_AT_decl_column(0x1b)
     256            
     257            $C$DW$T$14      .dwtag  DW_TAG_base_type
     258                    .dwattr $C$DW$T$14, DW_AT_encoding(DW_ATE_signed)
     259                    .dwattr $C$DW$T$14, DW_AT_name("long long")
     260                    .dwattr $C$DW$T$14, DW_AT_byte_size(0x08)
     261            
     262            $C$DW$T$42      .dwtag  DW_TAG_typedef
     263                    .dwattr $C$DW$T$42, DW_AT_name("int64_t")
     264                    .dwattr $C$DW$T$42, DW_AT_type(*$C$DW$T$14)
     265                    .dwattr $C$DW$T$42, DW_AT_language(DW_LANG_C)
     266                    .dwattr $C$DW$T$42, DW_AT_decl_file("D:/ti/ccsv6/tools/compiler/msp430_15.12.3.LTS/include/std
     267                    .dwattr $C$DW$T$42, DW_AT_decl_line(0x32)
     268                    .dwattr $C$DW$T$42, DW_AT_decl_column(0x21)
     269            
     270            $C$DW$T$43      .dwtag  DW_TAG_typedef
     271                    .dwattr $C$DW$T$43, DW_AT_name("int_fast64_t")
     272                    .dwattr $C$DW$T$43, DW_AT_type(*$C$DW$T$42)
     273                    .dwattr $C$DW$T$43, DW_AT_language(DW_LANG_C)
     274                    .dwattr $C$DW$T$43, DW_AT_decl_file("D:/ti/ccsv6/tools/compiler/msp430_15.12.3.LTS/include/std
     275                    .dwattr $C$DW$T$43, DW_AT_decl_line(0x4e)
MSP430 Assembler PC v15.12.3 Mon Oct 17 14:33:03 2016

Tools Copyright (c) 2003-2015 Texas Instruments Incorporated
C:\Users\madis\AppData\Local\Temp\046482                             PAGE    6

     276                    .dwattr $C$DW$T$43, DW_AT_decl_column(0x17)
     277            
     278            $C$DW$T$44      .dwtag  DW_TAG_typedef
     279                    .dwattr $C$DW$T$44, DW_AT_name("int_least64_t")
     280                    .dwattr $C$DW$T$44, DW_AT_type(*$C$DW$T$42)
     281                    .dwattr $C$DW$T$44, DW_AT_language(DW_LANG_C)
     282                    .dwattr $C$DW$T$44, DW_AT_decl_file("D:/ti/ccsv6/tools/compiler/msp430_15.12.3.LTS/include/std
     283                    .dwattr $C$DW$T$44, DW_AT_decl_line(0x40)
     284                    .dwattr $C$DW$T$44, DW_AT_decl_column(0x17)
     285            
     286            $C$DW$T$45      .dwtag  DW_TAG_typedef
     287                    .dwattr $C$DW$T$45, DW_AT_name("intmax_t")
     288                    .dwattr $C$DW$T$45, DW_AT_type(*$C$DW$T$14)
     289                    .dwattr $C$DW$T$45, DW_AT_language(DW_LANG_C)
     290                    .dwattr $C$DW$T$45, DW_AT_decl_file("D:/ti/ccsv6/tools/compiler/msp430_15.12.3.LTS/include/std
     291                    .dwattr $C$DW$T$45, DW_AT_decl_line(0x5d)
     292                    .dwattr $C$DW$T$45, DW_AT_decl_column(0x20)
     293            
     294            $C$DW$T$15      .dwtag  DW_TAG_base_type
     295                    .dwattr $C$DW$T$15, DW_AT_encoding(DW_ATE_unsigned)
     296                    .dwattr $C$DW$T$15, DW_AT_name("unsigned long long")
     297                    .dwattr $C$DW$T$15, DW_AT_byte_size(0x08)
     298            
     299            $C$DW$T$46      .dwtag  DW_TAG_typedef
     300                    .dwattr $C$DW$T$46, DW_AT_name("uint64_t")
     301                    .dwattr $C$DW$T$46, DW_AT_type(*$C$DW$T$15)
     302                    .dwattr $C$DW$T$46, DW_AT_language(DW_LANG_C)
     303                    .dwattr $C$DW$T$46, DW_AT_decl_file("D:/ti/ccsv6/tools/compiler/msp430_15.12.3.LTS/include/std
     304                    .dwattr $C$DW$T$46, DW_AT_decl_line(0x33)
     305                    .dwattr $C$DW$T$46, DW_AT_decl_column(0x20)
     306            
     307            $C$DW$T$47      .dwtag  DW_TAG_typedef
     308                    .dwattr $C$DW$T$47, DW_AT_name("uint_fast64_t")
     309                    .dwattr $C$DW$T$47, DW_AT_type(*$C$DW$T$46)
     310                    .dwattr $C$DW$T$47, DW_AT_language(DW_LANG_C)
     311                    .dwattr $C$DW$T$47, DW_AT_decl_file("D:/ti/ccsv6/tools/compiler/msp430_15.12.3.LTS/include/std
     312                    .dwattr $C$DW$T$47, DW_AT_decl_line(0x4f)
     313                    .dwattr $C$DW$T$47, DW_AT_decl_column(0x16)
     314            
     315            $C$DW$T$48      .dwtag  DW_TAG_typedef
     316                    .dwattr $C$DW$T$48, DW_AT_name("uint_least64_t")
     317                    .dwattr $C$DW$T$48, DW_AT_type(*$C$DW$T$46)
     318                    .dwattr $C$DW$T$48, DW_AT_language(DW_LANG_C)
     319                    .dwattr $C$DW$T$48, DW_AT_decl_file("D:/ti/ccsv6/tools/compiler/msp430_15.12.3.LTS/include/std
     320                    .dwattr $C$DW$T$48, DW_AT_decl_line(0x41)
     321                    .dwattr $C$DW$T$48, DW_AT_decl_column(0x16)
     322            
     323            $C$DW$T$49      .dwtag  DW_TAG_typedef
     324                    .dwattr $C$DW$T$49, DW_AT_name("uintmax_t")
     325                    .dwattr $C$DW$T$49, DW_AT_type(*$C$DW$T$15)
     326                    .dwattr $C$DW$T$49, DW_AT_language(DW_LANG_C)
     327                    .dwattr $C$DW$T$49, DW_AT_decl_file("D:/ti/ccsv6/tools/compiler/msp430_15.12.3.LTS/include/std
     328                    .dwattr $C$DW$T$49, DW_AT_decl_line(0x5e)
     329                    .dwattr $C$DW$T$49, DW_AT_decl_column(0x20)
     330            
MSP430 Assembler PC v15.12.3 Mon Oct 17 14:33:03 2016

Tools Copyright (c) 2003-2015 Texas Instruments Incorporated
C:\Users\madis\AppData\Local\Temp\046482                             PAGE    7

     331            $C$DW$T$16      .dwtag  DW_TAG_base_type
     332                    .dwattr $C$DW$T$16, DW_AT_encoding(DW_ATE_float)
     333                    .dwattr $C$DW$T$16, DW_AT_name("float")
     334                    .dwattr $C$DW$T$16, DW_AT_byte_size(0x04)
     335            
     336            $C$DW$T$17      .dwtag  DW_TAG_base_type
     337                    .dwattr $C$DW$T$17, DW_AT_encoding(DW_ATE_float)
     338                    .dwattr $C$DW$T$17, DW_AT_name("double")
     339                    .dwattr $C$DW$T$17, DW_AT_byte_size(0x08)
     340            
     341            $C$DW$T$18      .dwtag  DW_TAG_base_type
     342                    .dwattr $C$DW$T$18, DW_AT_encoding(DW_ATE_float)
     343                    .dwattr $C$DW$T$18, DW_AT_name("long double")
     344                    .dwattr $C$DW$T$18, DW_AT_byte_size(0x08)
     345            
     346                    .dwattr $C$DW$CU, DW_AT_language(DW_LANG_C)
     347                    .dwendtag $C$DW$CU
     348            

No Assembly Errors, No Assembly Warnings
