MSP430 Assembler PC v15.12.3 Mon Oct 03 14:53:04 2016

Tools Copyright (c) 2003-2015 Texas Instruments Incorporated
C:\Users\LokBok\AppData\Local\Temp\141842                            PAGE    1

       1            ;******************************************************************************
       2            ;* MSP430 C/C++ Codegen                                       PC v15.12.3.LTS *
       3            ;* Date/Time created: Mon Oct 03 14:53:04 2016                                *
       4            ;******************************************************************************
       5                    .compiler_opts --abi=eabi --diag_wrap=off --hll_source=on --mem_model:code=large --mem_model:d
       6            
       7            $C$DW$CU        .dwtag  DW_TAG_compile_unit
       8                    .dwattr $C$DW$CU, DW_AT_name("../main.c")
       9                    .dwattr $C$DW$CU, DW_AT_producer("TI MSP430 C/C++ Codegen PC v15.12.3.LTS Copyright (c) 2003-2
      10                    .dwattr $C$DW$CU, DW_AT_TI_version(0x01)
      11                    .dwattr $C$DW$CU, DW_AT_comp_dir("D:\Programmeerimine\Code Composer WS\CardReader\src\Debug")
      12            
      13            $C$DW$1 .dwtag  DW_TAG_subprogram
      14                    .dwattr $C$DW$1, DW_AT_name("init_UART")
      15                    .dwattr $C$DW$1, DW_AT_TI_symbol_name("init_UART")
      16                    .dwattr $C$DW$1, DW_AT_declaration
      17                    .dwattr $C$DW$1, DW_AT_external
      18                    .dwattr $C$DW$1, DW_AT_decl_file("..\UARTmodule.h")
      19                    .dwattr $C$DW$1, DW_AT_decl_line(0x0a)
      20                    .dwattr $C$DW$1, DW_AT_decl_column(0x07)
      21                    .dwendtag $C$DW$1
      22            
      23            $C$DW$2 .dwtag  DW_TAG_variable
      24                    .dwattr $C$DW$2, DW_AT_name("PAOUT_L")
      25                    .dwattr $C$DW$2, DW_AT_TI_symbol_name("PAOUT_L")
      26                    .dwattr $C$DW$2, DW_AT_type(*$C$DW$T$22)
      27                    .dwattr $C$DW$2, DW_AT_declaration
      28                    .dwattr $C$DW$2, DW_AT_external
      29                    .dwattr $C$DW$2, DW_AT_decl_file("D:\Program Files\TI CCSv6\ccsv6\ccs_base\msp430\include\msp4
      30                    .dwattr $C$DW$2, DW_AT_decl_line(0x605)
      31                    .dwattr $C$DW$2, DW_AT_decl_column(0x01)
      32            
      33            $C$DW$3 .dwtag  DW_TAG_variable
      34                    .dwattr $C$DW$3, DW_AT_name("PADIR_L")
      35                    .dwattr $C$DW$3, DW_AT_TI_symbol_name("PADIR_L")
      36                    .dwattr $C$DW$3, DW_AT_type(*$C$DW$T$22)
      37                    .dwattr $C$DW$3, DW_AT_declaration
      38                    .dwattr $C$DW$3, DW_AT_external
      39                    .dwattr $C$DW$3, DW_AT_decl_file("D:\Program Files\TI CCSv6\ccsv6\ccs_base\msp430\include\msp4
      40                    .dwattr $C$DW$3, DW_AT_decl_line(0x608)
      41                    .dwattr $C$DW$3, DW_AT_decl_column(0x01)
      42            
      43            $C$DW$4 .dwtag  DW_TAG_variable
      44                    .dwattr $C$DW$4, DW_AT_name("PBDIR_H")
      45                    .dwattr $C$DW$4, DW_AT_TI_symbol_name("PBDIR_H")
      46                    .dwattr $C$DW$4, DW_AT_type(*$C$DW$T$22)
      47                    .dwattr $C$DW$4, DW_AT_declaration
      48                    .dwattr $C$DW$4, DW_AT_external
      49                    .dwattr $C$DW$4, DW_AT_decl_file("D:\Program Files\TI CCSv6\ccsv6\ccs_base\msp430\include\msp4
      50                    .dwattr $C$DW$4, DW_AT_decl_line(0x663)
      51                    .dwattr $C$DW$4, DW_AT_decl_column(0x01)
      52            
      53            $C$DW$5 .dwtag  DW_TAG_variable
      54                    .dwattr $C$DW$5, DW_AT_name("UCSCTL2")
      55                    .dwattr $C$DW$5, DW_AT_TI_symbol_name("UCSCTL2")
MSP430 Assembler PC v15.12.3 Mon Oct 03 14:53:04 2016

Tools Copyright (c) 2003-2015 Texas Instruments Incorporated
C:\Users\LokBok\AppData\Local\Temp\141842                            PAGE    2

      56                    .dwattr $C$DW$5, DW_AT_type(*$C$DW$T$26)
      57                    .dwattr $C$DW$5, DW_AT_declaration
      58                    .dwattr $C$DW$5, DW_AT_external
      59                    .dwattr $C$DW$5, DW_AT_decl_file("D:\Program Files\TI CCSv6\ccsv6\ccs_base\msp430\include\msp4
      60                    .dwattr $C$DW$5, DW_AT_decl_line(0xedc)
      61                    .dwattr $C$DW$5, DW_AT_decl_column(0x01)
      62            
      63            $C$DW$6 .dwtag  DW_TAG_variable
      64                    .dwattr $C$DW$6, DW_AT_name("UCSCTL4")
      65                    .dwattr $C$DW$6, DW_AT_TI_symbol_name("UCSCTL4")
      66                    .dwattr $C$DW$6, DW_AT_type(*$C$DW$T$26)
      67                    .dwattr $C$DW$6, DW_AT_declaration
      68                    .dwattr $C$DW$6, DW_AT_external
      69                    .dwattr $C$DW$6, DW_AT_decl_file("D:\Program Files\TI CCSv6\ccsv6\ccs_base\msp430\include\msp4
      70                    .dwattr $C$DW$6, DW_AT_decl_line(0xee2)
      71                    .dwattr $C$DW$6, DW_AT_decl_column(0x01)
      72            
      73            $C$DW$7 .dwtag  DW_TAG_variable
      74                    .dwattr $C$DW$7, DW_AT_name("WDTCTL")
      75                    .dwattr $C$DW$7, DW_AT_TI_symbol_name("WDTCTL")
      76                    .dwattr $C$DW$7, DW_AT_type(*$C$DW$T$26)
      77                    .dwattr $C$DW$7, DW_AT_declaration
      78                    .dwattr $C$DW$7, DW_AT_external
      79                    .dwattr $C$DW$7, DW_AT_decl_file("D:\Program Files\TI CCSv6\ccsv6\ccs_base\msp430\include\msp4
      80                    .dwattr $C$DW$7, DW_AT_decl_line(0x1274)
      81                    .dwattr $C$DW$7, DW_AT_decl_column(0x01)
      82            
      83            ;       D:\Program Files\TI CCSv6\ccsv6\tools\compiler\msp430_15.12.3.LTS\bin\opt430.exe D:/Programmee
      84 000000               .sect   ".text:main"
      85                    .clink
      86                    .global main
      87            
      88            $C$DW$8 .dwtag  DW_TAG_subprogram
      89                    .dwattr $C$DW$8, DW_AT_name("main")
      90                    .dwattr $C$DW$8, DW_AT_low_pc(main)
      91                    .dwattr $C$DW$8, DW_AT_high_pc(0x00)
      92                    .dwattr $C$DW$8, DW_AT_TI_symbol_name("main")
      93                    .dwattr $C$DW$8, DW_AT_external
      94                    .dwattr $C$DW$8, DW_AT_type(*$C$DW$T$10)
      95                    .dwattr $C$DW$8, DW_AT_TI_begin_file("../main.c")
      96                    .dwattr $C$DW$8, DW_AT_TI_begin_line(0x09)
      97                    .dwattr $C$DW$8, DW_AT_TI_begin_column(0x05)
      98                    .dwattr $C$DW$8, DW_AT_decl_file("../main.c")
      99                    .dwattr $C$DW$8, DW_AT_decl_line(0x09)
     100                    .dwattr $C$DW$8, DW_AT_decl_column(0x05)
     101                    .dwattr $C$DW$8, DW_AT_TI_max_frame_size(0x06)
     102                    .dwpsn  file "../main.c",line 9,column 16,is_stmt,address main,isa 0
     103            
     104                    .dwfde $C$DW$CIE, main
     105            
     106            ;*****************************************************************************
     107            ;* FUNCTION NAME: main                                                       *
     108            ;*                                                                           *
     109            ;*   Regs Modified     : SP,SR,r11,r12,r13,r14,r15                           *
     110            ;*   Regs Used         : SP,SR,r11,r12,r13,r14,r15                           *
MSP430 Assembler PC v15.12.3 Mon Oct 03 14:53:04 2016

Tools Copyright (c) 2003-2015 Texas Instruments Incorporated
C:\Users\LokBok\AppData\Local\Temp\141842                            PAGE    3

     111            ;*   Local Frame Size  : 0 Args + 2 Auto + 0 Save = 2 byte                   *
     112            ;*****************************************************************************
     113 000000       main:
     114            ;* --------------------------------------------------------------------------*
     115                    .dwcfi  cfa_offset, 4
     116                    .dwcfi  save_reg_to_mem, 16, -4
     117 000000 03F1          SUBA      #2,SP                 ; [] 
     118                    .dwcfi  cfa_offset, 6
     119            $C$DW$9 .dwtag  DW_TAG_variable
     120                    .dwattr $C$DW$9, DW_AT_name("i")
     121                    .dwattr $C$DW$9, DW_AT_TI_symbol_name("i")
     122                    .dwattr $C$DW$9, DW_AT_type(*$C$DW$T$26)
     123                    .dwattr $C$DW$9, DW_AT_location[DW_OP_breg1 0]
     124            
     125                    .dwpsn  file "../main.c",line 10,column 5,is_stmt,isa 0
     126 000002 40B2          MOV.W     #23168,&WDTCTL+0      ; [] |10| 
         000004 5A80 
         000006 0000!
     127                    .dwpsn  file "../main.c",line 11,column 5,is_stmt,isa 0
     128 000008 430C          MOV.W     #0,r12                ; [] |11| 
     129            $C$DW$10        .dwtag  DW_TAG_TI_branch
     130                    .dwattr $C$DW$10, DW_AT_low_pc(0x00)
     131                    .dwattr $C$DW$10, DW_AT_name("set_clock")
     132                    .dwattr $C$DW$10, DW_AT_TI_call
     133            
     134 00000a 13B0!         CALLA     #set_clock            ; [] |11| 
         00000c 0000 
     135                                                      ; [] |11| 
     136                    .dwpsn  file "../main.c",line 12,column 2,is_stmt,isa 0
     137 00000e D3D2          OR.B      #1,&PADIR_L+0         ; [] |12| 
         000010 0000!
     138                    .dwpsn  file "../main.c",line 13,column 2,is_stmt,isa 0
     139 000012 D0F2          OR.B      #128,&PBDIR_H+0       ; [] |13| 
         000014 0080 
         000016 0000!
     140            ;* --------------------------------------------------------------------------*
     141            ;*   BEGIN LOOP $C$L1
     142            ;*
     143            ;*   Loop source line                : 16
     144            ;*   Loop closing brace source line  : 28
     145            ;*   Known Minimum Trip Count        : 1
     146            ;*   Known Maximum Trip Count        : 4294967295
     147            ;*   Known Max Trip Count Factor     : 1
     148            ;* --------------------------------------------------------------------------*
     149 000018       $C$L1:    
     150                    .dwpsn  file "../main.c",line 19,column 3,is_stmt,isa 0
     151 000018 E3D2          XOR.B     #1,&PAOUT_L+0         ; [] |19| 
         00001a 0000!
     152                    .dwpsn  file "../main.c",line 21,column 3,is_stmt,isa 0
     153 00001c 40B1          MOV.W     #10000,0(SP)          ; [] |21| 
         00001e 2710 
         000020 0000 
     154            ;* --------------------------------------------------------------------------*
     155            ;*   BEGIN LOOP $C$L2
     156            ;*
MSP430 Assembler PC v15.12.3 Mon Oct 03 14:53:04 2016

Tools Copyright (c) 2003-2015 Texas Instruments Incorporated
C:\Users\LokBok\AppData\Local\Temp\141842                            PAGE    4

     157            ;*   Loop source line                : 22
     158            ;*   Loop closing brace source line  : 22
     159            ;*   Known Minimum Trip Count        : 1
     160            ;*   Known Maximum Trip Count        : 4294967295
     161            ;*   Known Max Trip Count Factor     : 1
     162            ;* --------------------------------------------------------------------------*
     163 000022       $C$L2:    
     164                    .dwpsn  file "../main.c",line 22,column 6,is_stmt,isa 0
     165 000022 8391          SUB.W     #1,0(SP)              ; [] |22| 
         000024 0000 
     166                    .dwpsn  file "../main.c",line 23,column 9,is_stmt,isa 0
     167 000026 9381          TST.W     0(SP)                 ; [] |23| 
         000028 0000 
     168 00002a 23FB          JNE       $C$L2                 ; [] |23| 
     169                                                      ; [] |23| 
     170            ;* --------------------------------------------------------------------------*
     171                    .dwpsn  file "../main.c",line 24,column 3,is_stmt,isa 0
     172            $C$DW$11        .dwtag  DW_TAG_TI_branch
     173                    .dwattr $C$DW$11, DW_AT_low_pc(0x00)
     174                    .dwattr $C$DW$11, DW_AT_name("init_UART")
     175                    .dwattr $C$DW$11, DW_AT_TI_call
     176            
     177 00002c 13B0!         CALLA     #init_UART            ; [] |24| 
         00002e 0000 
     178                                                      ; [] |24| 
     179                    .dwpsn  file "../main.c",line 25,column 3,is_stmt,isa 0
     180 000030 40B1          MOV.W     #10000,0(SP)          ; [] |25| 
         000032 2710 
         000034 0000 
     181            ;* --------------------------------------------------------------------------*
     182            ;*   BEGIN LOOP $C$L3
     183            ;*
     184            ;*   Loop source line                : 26
     185            ;*   Loop closing brace source line  : 26
     186            ;*   Known Minimum Trip Count        : 1
     187            ;*   Known Maximum Trip Count        : 4294967295
     188            ;*   Known Max Trip Count Factor     : 1
     189            ;* --------------------------------------------------------------------------*
     190 000036       $C$L3:    
     191                    .dwpsn  file "../main.c",line 26,column 6,is_stmt,isa 0
     192 000036 8391          SUB.W     #1,0(SP)              ; [] |26| 
         000038 0000 
     193                    .dwpsn  file "../main.c",line 28,column 2,is_stmt,isa 0
     194 00003a 9381          TST.W     0(SP)                 ; [] |28| 
         00003c 0000 
     195 00003e 27EC          JEQ       $C$L1                 ; [] |28| 
     196                                                      ; [] |28| 
     197            ;* --------------------------------------------------------------------------*
     198 000040 3FFA          JMP       $C$L3                 ; [] |28| 
     199                                                      ; [] |28| 
     200 000042 4303          NOP       ; [] 
     201            ;* --------------------------------------------------------------------------*
     202                    .dwattr $C$DW$8, DW_AT_TI_end_file("../main.c")
     203                    .dwattr $C$DW$8, DW_AT_TI_end_line(0x1e)
     204                    .dwattr $C$DW$8, DW_AT_TI_end_column(0x01)
MSP430 Assembler PC v15.12.3 Mon Oct 03 14:53:04 2016

Tools Copyright (c) 2003-2015 Texas Instruments Incorporated
C:\Users\LokBok\AppData\Local\Temp\141842                            PAGE    5

     205                    .dwendentry
     206                    .dwendtag $C$DW$8
     207            
     208 000000               .sect   ".text:set_clock"
     209                    .clink
     210                    .global set_clock
     211            
     212            $C$DW$12        .dwtag  DW_TAG_subprogram
     213                    .dwattr $C$DW$12, DW_AT_name("set_clock")
     214                    .dwattr $C$DW$12, DW_AT_low_pc(set_clock)
     215                    .dwattr $C$DW$12, DW_AT_high_pc(0x00)
     216                    .dwattr $C$DW$12, DW_AT_TI_symbol_name("set_clock")
     217                    .dwattr $C$DW$12, DW_AT_external
     218                    .dwattr $C$DW$12, DW_AT_type(*$C$DW$T$10)
     219                    .dwattr $C$DW$12, DW_AT_TI_begin_file("../main.c")
     220                    .dwattr $C$DW$12, DW_AT_TI_begin_line(0x23)
     221                    .dwattr $C$DW$12, DW_AT_TI_begin_column(0x05)
     222                    .dwattr $C$DW$12, DW_AT_decl_file("../main.c")
     223                    .dwattr $C$DW$12, DW_AT_decl_line(0x23)
     224                    .dwattr $C$DW$12, DW_AT_decl_column(0x05)
     225                    .dwattr $C$DW$12, DW_AT_TI_max_frame_size(0x04)
     226                    .dwpsn  file "../main.c",line 35,column 31,is_stmt,address set_clock,isa 0
     227            
     228                    .dwfde $C$DW$CIE, set_clock
     229            $C$DW$13        .dwtag  DW_TAG_formal_parameter
     230                    .dwattr $C$DW$13, DW_AT_name("clock_speed")
     231                    .dwattr $C$DW$13, DW_AT_TI_symbol_name("clock_speed")
     232                    .dwattr $C$DW$13, DW_AT_type(*$C$DW$T$10)
     233                    .dwattr $C$DW$13, DW_AT_location[DW_OP_reg12]
     234            
     235            
     236            ;*****************************************************************************
     237            ;* FUNCTION NAME: set_clock                                                  *
     238            ;*                                                                           *
     239            ;*   Regs Modified     : SP,SR,r12                                           *
     240            ;*   Regs Used         : SP,SR,r12                                           *
     241            ;*   Local Frame Size  : 0 Args + 0 Auto + 0 Save = 0 byte                   *
     242            ;*****************************************************************************
     243 000000       set_clock:
     244            ;* --------------------------------------------------------------------------*
     245                    .dwcfi  cfa_offset, 4
     246                    .dwcfi  save_reg_to_mem, 16, -4
     247            ;* r12   assigned to clock_speed
     248            $C$DW$14        .dwtag  DW_TAG_variable
     249                    .dwattr $C$DW$14, DW_AT_name("clock_speed")
     250                    .dwattr $C$DW$14, DW_AT_TI_symbol_name("clock_speed")
     251                    .dwattr $C$DW$14, DW_AT_type(*$C$DW$T$10)
     252                    .dwattr $C$DW$14, DW_AT_location[DW_OP_reg12]
     253            
     254                    .dwpsn  file "../main.c",line 36,column 2,is_stmt,isa 0
     255 000000 930C          TST.W     r12                   ; [] |36| 
     256 000002 2005          JNE       $C$L4                 ; [] |36| 
     257                                                      ; [] |36| 
     258            ;* --------------------------------------------------------------------------*
     259                    .dwpsn  file "../main.c",line 37,column 3,is_stmt,isa 0
MSP430 Assembler PC v15.12.3 Mon Oct 03 14:53:04 2016

Tools Copyright (c) 2003-2015 Texas Instruments Incorporated
C:\Users\LokBok\AppData\Local\Temp\141842                            PAGE    6

     260 000004 D0B2          OR.W      #20480,&UCSCTL2+0     ; [] |37| 
         000006 5000 
         000008 0000!
     261                    .dwpsn  file "../main.c",line 40,column 3,is_stmt,isa 0
     262 00000a D2A2          OR.W      #4,&UCSCTL4+0         ; [] |40| 
         00000c 0000!
     263            ;* --------------------------------------------------------------------------*
     264 00000e       $C$L4:    
     265                    .dwpsn  file "../main.c",line 43,column 2,is_stmt,isa 0
     266 00000e 430C          MOV.W     #0,r12                ; [] |43| 
     267                    .dwpsn  file "../main.c",line 44,column 1,is_stmt,isa 0
     268            $C$DW$15        .dwtag  DW_TAG_TI_branch
     269                    .dwattr $C$DW$15, DW_AT_low_pc(0x00)
     270                    .dwattr $C$DW$15, DW_AT_TI_return
     271            
     272 000010 0110          RETA      ; [] 
     273                    ; [] 
     274                    .dwattr $C$DW$12, DW_AT_TI_end_file("../main.c")
     275                    .dwattr $C$DW$12, DW_AT_TI_end_line(0x2c)
     276                    .dwattr $C$DW$12, DW_AT_TI_end_column(0x01)
     277                    .dwendentry
     278                    .dwendtag $C$DW$12
     279            
     280            ;*****************************************************************************
     281            ;* UNDEFINED EXTERNAL REFERENCES                                             *
     282            ;*****************************************************************************
     283                    .global init_UART
     284                    .global PAOUT_L
     285                    .global PADIR_L
     286                    .global PBDIR_H
     287                    .global UCSCTL2
     288                    .global UCSCTL4
     289                    .global WDTCTL
     290            
     291            ;******************************************************************************
     292            ;* BUILD ATTRIBUTES                                                           *
     293            ;******************************************************************************
     294                    .battr "TI", Tag_File, 1, Tag_LPM_INFO(1)
     295                    .battr "TI", Tag_File, 1, Tag_PORTS_INIT_INFO("012345678901ABCDEFGHIJ0000000000001111000000000
     296                    .battr "TI", Tag_File, 1, Tag_HW_MPY32_INFO(2)
     297                    .battr "TI", Tag_File, 1, Tag_HW_MPY_ISR_INFO(1)
     298                    .battr "TI", Tag_File, 1, Tag_HW_MPY_INLINE_INFO(1)
     299                    .battr "mspabi", Tag_File, 1, Tag_enum_size(3)
     300            
     301            ;******************************************************************************
     302            ;* TYPE INFORMATION                                                           *
     303            ;******************************************************************************
     304            $C$DW$T$2       .dwtag  DW_TAG_unspecified_type
     305                    .dwattr $C$DW$T$2, DW_AT_name("void")
     306            
     307            
     308            $C$DW$T$19      .dwtag  DW_TAG_subroutine_type
     309                    .dwattr $C$DW$T$19, DW_AT_language(DW_LANG_C)
     310                    .dwendtag $C$DW$T$19
     311            
MSP430 Assembler PC v15.12.3 Mon Oct 03 14:53:04 2016

Tools Copyright (c) 2003-2015 Texas Instruments Incorporated
C:\Users\LokBok\AppData\Local\Temp\141842                            PAGE    7

     312            $C$DW$T$20      .dwtag  DW_TAG_pointer_type
     313                    .dwattr $C$DW$T$20, DW_AT_type(*$C$DW$T$19)
     314                    .dwattr $C$DW$T$20, DW_AT_address_class(0x14)
     315            
     316            $C$DW$T$21      .dwtag  DW_TAG_typedef
     317                    .dwattr $C$DW$T$21, DW_AT_name("__SFR_FARPTR")
     318                    .dwattr $C$DW$T$21, DW_AT_type(*$C$DW$T$20)
     319                    .dwattr $C$DW$T$21, DW_AT_language(DW_LANG_C)
     320                    .dwattr $C$DW$T$21, DW_AT_decl_file("D:\Program Files\TI CCSv6\ccsv6\ccs_base\msp430\include\m
     321                    .dwattr $C$DW$T$21, DW_AT_decl_line(0x47)
     322                    .dwattr $C$DW$T$21, DW_AT_decl_column(0x11)
     323            
     324            $C$DW$T$4       .dwtag  DW_TAG_base_type
     325                    .dwattr $C$DW$T$4, DW_AT_encoding(DW_ATE_boolean)
     326                    .dwattr $C$DW$T$4, DW_AT_name("bool")
     327                    .dwattr $C$DW$T$4, DW_AT_byte_size(0x01)
     328            
     329            $C$DW$T$5       .dwtag  DW_TAG_base_type
     330                    .dwattr $C$DW$T$5, DW_AT_encoding(DW_ATE_signed_char)
     331                    .dwattr $C$DW$T$5, DW_AT_name("signed char")
     332                    .dwattr $C$DW$T$5, DW_AT_byte_size(0x01)
     333            
     334            $C$DW$T$6       .dwtag  DW_TAG_base_type
     335                    .dwattr $C$DW$T$6, DW_AT_encoding(DW_ATE_unsigned_char)
     336                    .dwattr $C$DW$T$6, DW_AT_name("unsigned char")
     337                    .dwattr $C$DW$T$6, DW_AT_byte_size(0x01)
     338            
     339            $C$DW$16        .dwtag  DW_TAG_TI_far_type
     340                    .dwattr $C$DW$16, DW_AT_type(*$C$DW$T$6)
     341            
     342            $C$DW$T$22      .dwtag  DW_TAG_volatile_type
     343                    .dwattr $C$DW$T$22, DW_AT_type(*$C$DW$16)
     344            
     345            $C$DW$T$7       .dwtag  DW_TAG_base_type
     346                    .dwattr $C$DW$T$7, DW_AT_encoding(DW_ATE_signed_char)
     347                    .dwattr $C$DW$T$7, DW_AT_name("wchar_t")
     348                    .dwattr $C$DW$T$7, DW_AT_byte_size(0x02)
     349            
     350            $C$DW$T$8       .dwtag  DW_TAG_base_type
     351                    .dwattr $C$DW$T$8, DW_AT_encoding(DW_ATE_signed)
     352                    .dwattr $C$DW$T$8, DW_AT_name("short")
     353                    .dwattr $C$DW$T$8, DW_AT_byte_size(0x02)
     354            
     355            $C$DW$T$9       .dwtag  DW_TAG_base_type
     356                    .dwattr $C$DW$T$9, DW_AT_encoding(DW_ATE_unsigned)
     357                    .dwattr $C$DW$T$9, DW_AT_name("unsigned short")
     358                    .dwattr $C$DW$T$9, DW_AT_byte_size(0x02)
     359            
     360            $C$DW$T$10      .dwtag  DW_TAG_base_type
     361                    .dwattr $C$DW$T$10, DW_AT_encoding(DW_ATE_signed)
     362                    .dwattr $C$DW$T$10, DW_AT_name("int")
     363                    .dwattr $C$DW$T$10, DW_AT_byte_size(0x02)
     364            
     365            $C$DW$T$11      .dwtag  DW_TAG_base_type
     366                    .dwattr $C$DW$T$11, DW_AT_encoding(DW_ATE_unsigned)
MSP430 Assembler PC v15.12.3 Mon Oct 03 14:53:04 2016

Tools Copyright (c) 2003-2015 Texas Instruments Incorporated
C:\Users\LokBok\AppData\Local\Temp\141842                            PAGE    8

     367                    .dwattr $C$DW$T$11, DW_AT_name("unsigned int")
     368                    .dwattr $C$DW$T$11, DW_AT_byte_size(0x02)
     369            
     370            $C$DW$17        .dwtag  DW_TAG_TI_far_type
     371                    .dwattr $C$DW$17, DW_AT_type(*$C$DW$T$11)
     372            
     373            $C$DW$T$26      .dwtag  DW_TAG_volatile_type
     374                    .dwattr $C$DW$T$26, DW_AT_type(*$C$DW$17)
     375            
     376            $C$DW$T$12      .dwtag  DW_TAG_base_type
     377                    .dwattr $C$DW$T$12, DW_AT_encoding(DW_ATE_signed)
     378                    .dwattr $C$DW$T$12, DW_AT_name("long")
     379                    .dwattr $C$DW$T$12, DW_AT_byte_size(0x04)
     380            
     381            $C$DW$T$13      .dwtag  DW_TAG_base_type
     382                    .dwattr $C$DW$T$13, DW_AT_encoding(DW_ATE_unsigned)
     383                    .dwattr $C$DW$T$13, DW_AT_name("unsigned long")
     384                    .dwattr $C$DW$T$13, DW_AT_byte_size(0x04)
     385            
     386            $C$DW$T$14      .dwtag  DW_TAG_base_type
     387                    .dwattr $C$DW$T$14, DW_AT_encoding(DW_ATE_signed)
     388                    .dwattr $C$DW$T$14, DW_AT_name("long long")
     389                    .dwattr $C$DW$T$14, DW_AT_byte_size(0x08)
     390            
     391            $C$DW$T$15      .dwtag  DW_TAG_base_type
     392                    .dwattr $C$DW$T$15, DW_AT_encoding(DW_ATE_unsigned)
     393                    .dwattr $C$DW$T$15, DW_AT_name("unsigned long long")
     394                    .dwattr $C$DW$T$15, DW_AT_byte_size(0x08)
     395            
     396            $C$DW$T$16      .dwtag  DW_TAG_base_type
     397                    .dwattr $C$DW$T$16, DW_AT_encoding(DW_ATE_float)
     398                    .dwattr $C$DW$T$16, DW_AT_name("float")
     399                    .dwattr $C$DW$T$16, DW_AT_byte_size(0x04)
     400            
     401            $C$DW$T$17      .dwtag  DW_TAG_base_type
     402                    .dwattr $C$DW$T$17, DW_AT_encoding(DW_ATE_float)
     403                    .dwattr $C$DW$T$17, DW_AT_name("double")
     404                    .dwattr $C$DW$T$17, DW_AT_byte_size(0x08)
     405            
     406            $C$DW$T$18      .dwtag  DW_TAG_base_type
     407                    .dwattr $C$DW$T$18, DW_AT_encoding(DW_ATE_float)
     408                    .dwattr $C$DW$T$18, DW_AT_name("long double")
     409                    .dwattr $C$DW$T$18, DW_AT_byte_size(0x08)
     410            
     411                    .dwattr $C$DW$CU, DW_AT_language(DW_LANG_C)
     412            
     413            ;***************************************************************
     414            ;* DWARF CIE ENTRIES                                           *
     415            ;***************************************************************
     416            
     417            $C$DW$CIE       .dwcie 16
     418                    .dwcfi  cfa_register, 1
     419                    .dwcfi  cfa_offset, 0
     420                    .dwcfi  same_value, 0
     421                    .dwcfi  same_value, 1
MSP430 Assembler PC v15.12.3 Mon Oct 03 14:53:04 2016

Tools Copyright (c) 2003-2015 Texas Instruments Incorporated
C:\Users\LokBok\AppData\Local\Temp\141842                            PAGE    9

     422                    .dwcfi  undefined, 2
     423                    .dwcfi  same_value, 3
     424                    .dwcfi  same_value, 4
     425                    .dwcfi  same_value, 5
     426                    .dwcfi  same_value, 6
     427                    .dwcfi  same_value, 7
     428                    .dwcfi  same_value, 8
     429                    .dwcfi  same_value, 9
     430                    .dwcfi  same_value, 10
     431                    .dwcfi  undefined, 11
     432                    .dwcfi  undefined, 12
     433                    .dwcfi  undefined, 13
     434                    .dwcfi  undefined, 14
     435                    .dwcfi  undefined, 15
     436                    .dwcfi  undefined, 16
     437                    .dwendentry
     438            
     439            ;***************************************************************
     440            ;* DWARF REGISTER MAP                                          *
     441            ;***************************************************************
     442            
     443            $C$DW$18        .dwtag  DW_TAG_TI_assign_register
     444                    .dwattr $C$DW$18, DW_AT_name("PC")
     445                    .dwattr $C$DW$18, DW_AT_location[DW_OP_reg0]
     446            
     447            $C$DW$19        .dwtag  DW_TAG_TI_assign_register
     448                    .dwattr $C$DW$19, DW_AT_name("SP")
     449                    .dwattr $C$DW$19, DW_AT_location[DW_OP_reg1]
     450            
     451            $C$DW$20        .dwtag  DW_TAG_TI_assign_register
     452                    .dwattr $C$DW$20, DW_AT_name("SR")
     453                    .dwattr $C$DW$20, DW_AT_location[DW_OP_reg2]
     454            
     455            $C$DW$21        .dwtag  DW_TAG_TI_assign_register
     456                    .dwattr $C$DW$21, DW_AT_name("CG")
     457                    .dwattr $C$DW$21, DW_AT_location[DW_OP_reg3]
     458            
     459            $C$DW$22        .dwtag  DW_TAG_TI_assign_register
     460                    .dwattr $C$DW$22, DW_AT_name("r4")
     461                    .dwattr $C$DW$22, DW_AT_location[DW_OP_reg4]
     462            
     463            $C$DW$23        .dwtag  DW_TAG_TI_assign_register
     464                    .dwattr $C$DW$23, DW_AT_name("r5")
     465                    .dwattr $C$DW$23, DW_AT_location[DW_OP_reg5]
     466            
     467            $C$DW$24        .dwtag  DW_TAG_TI_assign_register
     468                    .dwattr $C$DW$24, DW_AT_name("r6")
     469                    .dwattr $C$DW$24, DW_AT_location[DW_OP_reg6]
     470            
     471            $C$DW$25        .dwtag  DW_TAG_TI_assign_register
     472                    .dwattr $C$DW$25, DW_AT_name("r7")
     473                    .dwattr $C$DW$25, DW_AT_location[DW_OP_reg7]
     474            
     475            $C$DW$26        .dwtag  DW_TAG_TI_assign_register
     476                    .dwattr $C$DW$26, DW_AT_name("r8")
MSP430 Assembler PC v15.12.3 Mon Oct 03 14:53:04 2016

Tools Copyright (c) 2003-2015 Texas Instruments Incorporated
C:\Users\LokBok\AppData\Local\Temp\141842                            PAGE   10

     477                    .dwattr $C$DW$26, DW_AT_location[DW_OP_reg8]
     478            
     479            $C$DW$27        .dwtag  DW_TAG_TI_assign_register
     480                    .dwattr $C$DW$27, DW_AT_name("r9")
     481                    .dwattr $C$DW$27, DW_AT_location[DW_OP_reg9]
     482            
     483            $C$DW$28        .dwtag  DW_TAG_TI_assign_register
     484                    .dwattr $C$DW$28, DW_AT_name("r10")
     485                    .dwattr $C$DW$28, DW_AT_location[DW_OP_reg10]
     486            
     487            $C$DW$29        .dwtag  DW_TAG_TI_assign_register
     488                    .dwattr $C$DW$29, DW_AT_name("r11")
     489                    .dwattr $C$DW$29, DW_AT_location[DW_OP_reg11]
     490            
     491            $C$DW$30        .dwtag  DW_TAG_TI_assign_register
     492                    .dwattr $C$DW$30, DW_AT_name("r12")
     493                    .dwattr $C$DW$30, DW_AT_location[DW_OP_reg12]
     494            
     495            $C$DW$31        .dwtag  DW_TAG_TI_assign_register
     496                    .dwattr $C$DW$31, DW_AT_name("r13")
     497                    .dwattr $C$DW$31, DW_AT_location[DW_OP_reg13]
     498            
     499            $C$DW$32        .dwtag  DW_TAG_TI_assign_register
     500                    .dwattr $C$DW$32, DW_AT_name("r14")
     501                    .dwattr $C$DW$32, DW_AT_location[DW_OP_reg14]
     502            
     503            $C$DW$33        .dwtag  DW_TAG_TI_assign_register
     504                    .dwattr $C$DW$33, DW_AT_name("r15")
     505                    .dwattr $C$DW$33, DW_AT_location[DW_OP_reg15]
     506            
     507            $C$DW$34        .dwtag  DW_TAG_TI_assign_register
     508                    .dwattr $C$DW$34, DW_AT_name("CIE_RETA")
     509                    .dwattr $C$DW$34, DW_AT_location[DW_OP_reg16]
     510            
     511                    .dwendtag $C$DW$CU
     512            

No Assembly Errors, No Assembly Warnings
