MSP430 Assembler PC v15.12.3 Wed Oct 12 11:18:55 2016

Tools Copyright (c) 2003-2015 Texas Instruments Incorporated
C:\Users\LokBok\AppData\Local\Temp\116842                            PAGE    1

       1            ;******************************************************************************
       2            ;* MSP430 C/C++ Codegen                                       PC v15.12.3.LTS *
       3            ;* Date/Time created: Wed Oct 12 11:18:55 2016                                *
       4            ;******************************************************************************
       5                    .compiler_opts --abi=eabi --diag_wrap=off --hll_source=on --mem_model:code=large --mem_model:d
       6            
       7            $C$DW$CU        .dwtag  DW_TAG_compile_unit
       8                    .dwattr $C$DW$CU, DW_AT_name("../MSP430F5xx_6xx/pmap.c")
       9                    .dwattr $C$DW$CU, DW_AT_producer("TI MSP430 C/C++ Codegen PC v15.12.3.LTS Copyright (c) 2003-2
      10                    .dwattr $C$DW$CU, DW_AT_TI_version(0x01)
      11                    .dwattr $C$DW$CU, DW_AT_comp_dir("D:\Programmeerimine\Code Composer WS\CardReader\src\Debug")
      12            
      13            $C$DW$1 .dwtag  DW_TAG_subprogram
      14                    .dwattr $C$DW$1, DW_AT_name("__bis_SR_register")
      15                    .dwattr $C$DW$1, DW_AT_TI_symbol_name("__bis_SR_register")
      16                    .dwattr $C$DW$1, DW_AT_type(*$C$DW$T$9)
      17                    .dwattr $C$DW$1, DW_AT_declaration
      18                    .dwattr $C$DW$1, DW_AT_external
      19                    .dwattr $C$DW$1, DW_AT_decl_file("D:/Program Files/TI CCSv6/ccsv6/tools/compiler/msp430_15.12.
      20                    .dwattr $C$DW$1, DW_AT_decl_line(0x39)
      21                    .dwattr $C$DW$1, DW_AT_decl_column(0x10)
      22            $C$DW$2 .dwtag  DW_TAG_formal_parameter
      23                    .dwattr $C$DW$2, DW_AT_type(*$C$DW$T$9)
      24            
      25                    .dwendtag $C$DW$1
      26            
      27            
      28            $C$DW$3 .dwtag  DW_TAG_subprogram
      29                    .dwattr $C$DW$3, DW_AT_name("__get_SR_register")
      30                    .dwattr $C$DW$3, DW_AT_TI_symbol_name("__get_SR_register")
      31                    .dwattr $C$DW$3, DW_AT_type(*$C$DW$T$9)
      32                    .dwattr $C$DW$3, DW_AT_declaration
      33                    .dwattr $C$DW$3, DW_AT_external
      34                    .dwattr $C$DW$3, DW_AT_decl_file("D:/Program Files/TI CCSv6/ccsv6/tools/compiler/msp430_15.12.
      35                    .dwattr $C$DW$3, DW_AT_decl_line(0x3b)
      36                    .dwattr $C$DW$3, DW_AT_decl_column(0x10)
      37                    .dwendtag $C$DW$3
      38            
      39            
      40            $C$DW$4 .dwtag  DW_TAG_subprogram
      41                    .dwattr $C$DW$4, DW_AT_name("__disable_interrupt")
      42                    .dwattr $C$DW$4, DW_AT_TI_symbol_name("__disable_interrupt")
      43                    .dwattr $C$DW$4, DW_AT_declaration
      44                    .dwattr $C$DW$4, DW_AT_external
      45                    .dwattr $C$DW$4, DW_AT_decl_file("D:/Program Files/TI CCSv6/ccsv6/tools/compiler/msp430_15.12.
      46                    .dwattr $C$DW$4, DW_AT_decl_line(0x51)
      47                    .dwattr $C$DW$4, DW_AT_decl_column(0x12)
      48                    .dwendtag $C$DW$4
      49            
      50            ;       D:\Program Files\TI CCSv6\ccsv6\tools\compiler\msp430_15.12.3.LTS\bin\opt430.exe D:/Programmee
      51 000000               .sect   ".text:PMAP_initPorts"
      52                    .clink
      53                    .global PMAP_initPorts
      54            
      55            $C$DW$5 .dwtag  DW_TAG_subprogram
MSP430 Assembler PC v15.12.3 Wed Oct 12 11:18:55 2016

Tools Copyright (c) 2003-2015 Texas Instruments Incorporated
C:\Users\LokBok\AppData\Local\Temp\116842                            PAGE    2

      56                    .dwattr $C$DW$5, DW_AT_name("PMAP_initPorts")
      57                    .dwattr $C$DW$5, DW_AT_low_pc(PMAP_initPorts)
      58                    .dwattr $C$DW$5, DW_AT_high_pc(0x00)
      59                    .dwattr $C$DW$5, DW_AT_TI_symbol_name("PMAP_initPorts")
      60                    .dwattr $C$DW$5, DW_AT_external
      61                    .dwattr $C$DW$5, DW_AT_TI_begin_file("../MSP430F5xx_6xx/pmap.c")
      62                    .dwattr $C$DW$5, DW_AT_TI_begin_line(0x34)
      63                    .dwattr $C$DW$5, DW_AT_TI_begin_column(0x06)
      64                    .dwattr $C$DW$5, DW_AT_decl_file("../MSP430F5xx_6xx/pmap.c")
      65                    .dwattr $C$DW$5, DW_AT_decl_line(0x34)
      66                    .dwattr $C$DW$5, DW_AT_decl_column(0x06)
      67                    .dwattr $C$DW$5, DW_AT_TI_max_frame_size(0x08)
      68                    .dwpsn  file "../MSP430F5xx_6xx/pmap.c",line 54,column 1,is_stmt,address PMAP_initPorts,isa 0
      69            
      70                    .dwfde $C$DW$CIE, PMAP_initPorts
      71            $C$DW$6 .dwtag  DW_TAG_formal_parameter
      72                    .dwattr $C$DW$6, DW_AT_name("baseAddress")
      73                    .dwattr $C$DW$6, DW_AT_TI_symbol_name("baseAddress")
      74                    .dwattr $C$DW$6, DW_AT_type(*$C$DW$T$28)
      75                    .dwattr $C$DW$6, DW_AT_location[DW_OP_reg12]
      76            
      77            $C$DW$7 .dwtag  DW_TAG_formal_parameter
      78                    .dwattr $C$DW$7, DW_AT_name("param")
      79                    .dwattr $C$DW$7, DW_AT_TI_symbol_name("param")
      80                    .dwattr $C$DW$7, DW_AT_type(*$C$DW$T$25)
      81                    .dwattr $C$DW$7, DW_AT_location[DW_OP_reg13]
      82            
      83            
      84            ;*****************************************************************************
      85            ;* FUNCTION NAME: PMAP_initPorts                                             *
      86            ;*                                                                           *
      87            ;*   Regs Modified     : SP,SR,r10,r11,r14,r15                               *
      88            ;*   Regs Used         : SP,SR,r10,r11,r12,r13,r14,r15                       *
      89            ;*   Local Frame Size  : 0 Args + 0 Auto + 4 Save = 4 byte                   *
      90            ;*****************************************************************************
      91 000000       PMAP_initPorts:
      92            ;* --------------------------------------------------------------------------*
      93                    .dwcfi  cfa_offset, 4
      94                    .dwcfi  save_reg_to_mem, 16, -4
      95 000000 140A          PUSHM.A   #1,r10                ; [] 
      96                    .dwcfi  save_reg_to_mem, 10, -8
      97                    .dwcfi  cfa_offset, 8
      98            ;* r12   assigned to baseAddress
      99            $C$DW$8 .dwtag  DW_TAG_variable
     100                    .dwattr $C$DW$8, DW_AT_name("baseAddress")
     101                    .dwattr $C$DW$8, DW_AT_TI_symbol_name("baseAddress")
     102                    .dwattr $C$DW$8, DW_AT_type(*$C$DW$T$28)
     103                    .dwattr $C$DW$8, DW_AT_location[DW_OP_reg12]
     104            
     105            ;* r13   assigned to param
     106            $C$DW$9 .dwtag  DW_TAG_variable
     107                    .dwattr $C$DW$9, DW_AT_name("param")
     108                    .dwattr $C$DW$9, DW_AT_TI_symbol_name("param")
     109                    .dwattr $C$DW$9, DW_AT_type(*$C$DW$T$25)
     110                    .dwattr $C$DW$9, DW_AT_location[DW_OP_reg13]
MSP430 Assembler PC v15.12.3 Wed Oct 12 11:18:55 2016

Tools Copyright (c) 2003-2015 Texas Instruments Incorporated
C:\Users\LokBok\AppData\Local\Temp\116842                            PAGE    3

     111            
     112            ;* r15   assigned to globalInterruptState
     113            $C$DW$10        .dwtag  DW_TAG_variable
     114                    .dwattr $C$DW$10, DW_AT_name("globalInterruptState")
     115                    .dwattr $C$DW$10, DW_AT_TI_symbol_name("globalInterruptState")
     116                    .dwattr $C$DW$10, DW_AT_type(*$C$DW$T$28)
     117                    .dwattr $C$DW$10, DW_AT_location[DW_OP_reg15]
     118            
     119            ;* r10   assigned to i
     120            $C$DW$11        .dwtag  DW_TAG_variable
     121                    .dwattr $C$DW$11, DW_AT_name("i")
     122                    .dwattr $C$DW$11, DW_AT_TI_symbol_name("i")
     123                    .dwattr $C$DW$11, DW_AT_type(*$C$DW$T$28)
     124                    .dwattr $C$DW$11, DW_AT_location[DW_OP_reg10]
     125            
     126                    .dwpsn  file "../MSP430F5xx_6xx/pmap.c",line 56,column 35,is_stmt,isa 0
     127 000002 420F          MOV.W     SR,r15                ; [] |56| 
     128 000004 F23F          AND.W     #8,r15                ; [] |56| 
     129                    .dwpsn  file "../MSP430F5xx_6xx/pmap.c",line 57,column 5,is_stmt,isa 0
     130 000006 C232          DINT
     131 000008 4303          NOP      ; [] |57| 
     132                    .dwpsn  file "../MSP430F5xx_6xx/pmap.c",line 60,column 5,is_stmt,isa 0
     133 00000a 40BC          MOV.W     #11602,0(r12)         ; [] |60| 
         00000c 2D52 
         00000e 0000 
     134                    .dwpsn  file "../MSP430F5xx_6xx/pmap.c",line 63,column 5,is_stmt,isa 0
     135 000010 0CCE          MOVA      r12,r14               ; [] |63| 
     136 000012 532E          ADD.W     #2,r14                ; [] |63| 
     137 000014 4E0E          MOV.W     r14,r14               ; [] |63| 
     138 000016 C3EE          BIC.B     #2,0(r14)             ; [] |63| 
         000018 0000 
     139                    .dwpsn  file "../MSP430F5xx_6xx/pmap.c",line 64,column 5,is_stmt,isa 0
     140 00001a 0CCE          MOVA      r12,r14               ; [] |64| 
     141 00001c 532E          ADD.W     #2,r14                ; [] |64| 
     142 00001e 4E0E          MOV.W     r14,r14               ; [] |64| 
     143 000020 DDDE          OR.B      9(r13),0(r14)         ; [] |64| 
         000022 0009 
         000024 0000 
     144                    .dwpsn  file "../MSP430F5xx_6xx/pmap.c",line 68,column 9,is_stmt,isa 0
     145 000026 430A          MOV.W     #0,r10                ; [] |68| 
     146 000028 3C0E          JMP       $C$L2                 ; [] |68| 
     147                                                      ; [] |68| 
     148            ;* --------------------------------------------------------------------------*
     149 00002a       $C$L1:    
     150                    .dwpsn  file "../MSP430F5xx_6xx/pmap.c",line 70,column 9,is_stmt,isa 0
     151 00002a 0ACE          MOVA      r10,r14               ; [] |70| 
     152 00002c 0E4E          RLAM.A    #4,r14                ; [] |70| 
     153 00002e 0D4E          RRAM.A    #4,r14                ; [] |70| 
     154 000030 1800          ADDX.A    @r13,r14              ; [] |70| 
         000032 5D6E 
     155 000034 0ACB          MOVA      r10,r11               ; [] |70| 
     156 000036 0E4B          RLAM.A    #4,r11                ; [] |70| 
     157 000038 0D4B          RRAM.A    #4,r11                ; [] |70| 
     158 00003a 1800          ADDX.A    4(r13),r11            ; [] |70| 
         00003c 5D5B 
MSP430 Assembler PC v15.12.3 Wed Oct 12 11:18:55 2016

Tools Copyright (c) 2003-2015 Texas Instruments Incorporated
C:\Users\LokBok\AppData\Local\Temp\116842                            PAGE    4

         00003e 0004 
     159 000040 4EEB          MOV.B     @r14,0(r11)           ; [] |70| 
         000042 0000 
     160                    .dwpsn  file "../MSP430F5xx_6xx/pmap.c",line 68,column 46,is_stmt,isa 0
     161 000044 531A          ADD.W     #1,r10                ; [] |68| 
     162            ;* --------------------------------------------------------------------------*
     163            ;*   BEGIN LOOP $C$L2
     164            ;* --------------------------------------------------------------------------*
     165 000046       $C$L2:    
     166                    .dwpsn  file "../MSP430F5xx_6xx/pmap.c",line 68,column 16,is_stmt,isa 0
     167 000046 4D5E          MOV.B     8(r13),r14            ; [] |68| 
         000048 0008 
     168 00004a 0A5E          RLAM.W    #3,r14                ; [] |68| 
     169 00004c 9E0A          CMP.W     r14,r10               ; [] |68| 
     170 00004e 2BED          JLO       $C$L1                 ; [] |68| 
     171                                                      ; [] |68| 
     172            ;* --------------------------------------------------------------------------*
     173                    .dwpsn  file "../MSP430F5xx_6xx/pmap.c",line 74,column 5,is_stmt,isa 0
     174 000050 43CC          MOV.B     #0,0(r12)             ; [] |74| 
         000052 0000 
     175                    .dwpsn  file "../MSP430F5xx_6xx/pmap.c",line 77,column 5,is_stmt,isa 0
     176 000054 4303          NOP
     177 000056 DF02          BIS.W    r15,SR
     178 000058 4303          NOP      ; [] |77| 
     179                    .dwpsn  file "../MSP430F5xx_6xx/pmap.c",line 78,column 1,is_stmt,isa 0
     180 00005a 160A          POPM.A    #1,r10                ; [] 
     181                    .dwcfi  restore_reg, 10
     182                    .dwcfi  cfa_offset, 4
     183            $C$DW$12        .dwtag  DW_TAG_TI_branch
     184                    .dwattr $C$DW$12, DW_AT_low_pc(0x00)
     185                    .dwattr $C$DW$12, DW_AT_TI_return
     186            
     187 00005c 0110          RETA      ; [] 
     188                    ; [] 
     189                    .dwattr $C$DW$5, DW_AT_TI_end_file("../MSP430F5xx_6xx/pmap.c")
     190                    .dwattr $C$DW$5, DW_AT_TI_end_line(0x4e)
     191                    .dwattr $C$DW$5, DW_AT_TI_end_column(0x01)
     192                    .dwendentry
     193                    .dwendtag $C$DW$5
     194            
     195            
     196            ;******************************************************************************
     197            ;* BUILD ATTRIBUTES                                                           *
     198            ;******************************************************************************
     199                    .battr "TI", Tag_File, 1, Tag_LPM_INFO(2)
     200                    .battr "TI", Tag_File, 1, Tag_PORTS_INIT_INFO("012345678901ABCDEFGHIJ0000000000001111000000000
     201                    .battr "TI", Tag_File, 1, Tag_HW_MPY32_INFO(2)
     202                    .battr "TI", Tag_File, 1, Tag_HW_MPY_ISR_INFO(1)
     203                    .battr "TI", Tag_File, 1, Tag_HW_MPY_INLINE_INFO(1)
     204                    .battr "mspabi", Tag_File, 1, Tag_enum_size(3)
     205            
     206            ;******************************************************************************
     207            ;* TYPE INFORMATION                                                           *
     208            ;******************************************************************************
     209            
MSP430 Assembler PC v15.12.3 Wed Oct 12 11:18:55 2016

Tools Copyright (c) 2003-2015 Texas Instruments Incorporated
C:\Users\LokBok\AppData\Local\Temp\116842                            PAGE    5

     210            $C$DW$T$23      .dwtag  DW_TAG_structure_type
     211                    .dwattr $C$DW$T$23, DW_AT_name("PMAP_initPortsParam")
     212                    .dwattr $C$DW$T$23, DW_AT_byte_size(0x0a)
     213            $C$DW$13        .dwtag  DW_TAG_member
     214                    .dwattr $C$DW$13, DW_AT_type(*$C$DW$T$21)
     215                    .dwattr $C$DW$13, DW_AT_name("portMapping")
     216                    .dwattr $C$DW$13, DW_AT_TI_symbol_name("portMapping")
     217                    .dwattr $C$DW$13, DW_AT_data_member_location[DW_OP_plus_uconst 0x0]
     218                    .dwattr $C$DW$13, DW_AT_accessibility(DW_ACCESS_public)
     219                    .dwattr $C$DW$13, DW_AT_decl_file("..\MSP430F5xx_6xx\pmap.h")
     220                    .dwattr $C$DW$13, DW_AT_decl_line(0x41)
     221                    .dwattr $C$DW$13, DW_AT_decl_column(0x14)
     222            
     223            $C$DW$14        .dwtag  DW_TAG_member
     224                    .dwattr $C$DW$14, DW_AT_type(*$C$DW$T$22)
     225                    .dwattr $C$DW$14, DW_AT_name("PxMAPy")
     226                    .dwattr $C$DW$14, DW_AT_TI_symbol_name("PxMAPy")
     227                    .dwattr $C$DW$14, DW_AT_data_member_location[DW_OP_plus_uconst 0x4]
     228                    .dwattr $C$DW$14, DW_AT_accessibility(DW_ACCESS_public)
     229                    .dwattr $C$DW$14, DW_AT_decl_file("..\MSP430F5xx_6xx\pmap.h")
     230                    .dwattr $C$DW$14, DW_AT_decl_line(0x43)
     231                    .dwattr $C$DW$14, DW_AT_decl_column(0x0e)
     232            
     233            $C$DW$15        .dwtag  DW_TAG_member
     234                    .dwattr $C$DW$15, DW_AT_type(*$C$DW$T$19)
     235                    .dwattr $C$DW$15, DW_AT_name("numberOfPorts")
     236                    .dwattr $C$DW$15, DW_AT_TI_symbol_name("numberOfPorts")
     237                    .dwattr $C$DW$15, DW_AT_data_member_location[DW_OP_plus_uconst 0x8]
     238                    .dwattr $C$DW$15, DW_AT_accessibility(DW_ACCESS_public)
     239                    .dwattr $C$DW$15, DW_AT_decl_file("..\MSP430F5xx_6xx\pmap.h")
     240                    .dwattr $C$DW$15, DW_AT_decl_line(0x45)
     241                    .dwattr $C$DW$15, DW_AT_decl_column(0x0d)
     242            
     243            $C$DW$16        .dwtag  DW_TAG_member
     244                    .dwattr $C$DW$16, DW_AT_type(*$C$DW$T$19)
     245                    .dwattr $C$DW$16, DW_AT_name("portMapReconfigure")
     246                    .dwattr $C$DW$16, DW_AT_TI_symbol_name("portMapReconfigure")
     247                    .dwattr $C$DW$16, DW_AT_data_member_location[DW_OP_plus_uconst 0x9]
     248                    .dwattr $C$DW$16, DW_AT_accessibility(DW_ACCESS_public)
     249                    .dwattr $C$DW$16, DW_AT_decl_file("..\MSP430F5xx_6xx\pmap.h")
     250                    .dwattr $C$DW$16, DW_AT_decl_line(0x4a)
     251                    .dwattr $C$DW$16, DW_AT_decl_column(0x0d)
     252            
     253                    .dwattr $C$DW$T$23, DW_AT_decl_file("..\MSP430F5xx_6xx\pmap.h")
     254                    .dwattr $C$DW$T$23, DW_AT_decl_line(0x3e)
     255                    .dwattr $C$DW$T$23, DW_AT_decl_column(0x10)
     256                    .dwendtag $C$DW$T$23
     257            
     258            $C$DW$T$24      .dwtag  DW_TAG_typedef
     259                    .dwattr $C$DW$T$24, DW_AT_name("PMAP_initPortsParam")
     260                    .dwattr $C$DW$T$24, DW_AT_type(*$C$DW$T$23)
     261                    .dwattr $C$DW$T$24, DW_AT_language(DW_LANG_C)
     262                    .dwattr $C$DW$T$24, DW_AT_decl_file("..\MSP430F5xx_6xx\pmap.h")
     263                    .dwattr $C$DW$T$24, DW_AT_decl_line(0x4b)
     264                    .dwattr $C$DW$T$24, DW_AT_decl_column(0x03)
MSP430 Assembler PC v15.12.3 Wed Oct 12 11:18:55 2016

Tools Copyright (c) 2003-2015 Texas Instruments Incorporated
C:\Users\LokBok\AppData\Local\Temp\116842                            PAGE    6

     265            
     266            $C$DW$T$25      .dwtag  DW_TAG_pointer_type
     267                    .dwattr $C$DW$T$25, DW_AT_type(*$C$DW$T$24)
     268                    .dwattr $C$DW$T$25, DW_AT_address_class(0x14)
     269            
     270            $C$DW$T$2       .dwtag  DW_TAG_unspecified_type
     271                    .dwattr $C$DW$T$2, DW_AT_name("void")
     272            
     273            
     274            $C$DW$T$30      .dwtag  DW_TAG_subroutine_type
     275                    .dwattr $C$DW$T$30, DW_AT_language(DW_LANG_C)
     276                    .dwendtag $C$DW$T$30
     277            
     278            $C$DW$T$31      .dwtag  DW_TAG_pointer_type
     279                    .dwattr $C$DW$T$31, DW_AT_type(*$C$DW$T$30)
     280                    .dwattr $C$DW$T$31, DW_AT_address_class(0x14)
     281            
     282            $C$DW$T$32      .dwtag  DW_TAG_typedef
     283                    .dwattr $C$DW$T$32, DW_AT_name("__SFR_FARPTR")
     284                    .dwattr $C$DW$T$32, DW_AT_type(*$C$DW$T$31)
     285                    .dwattr $C$DW$T$32, DW_AT_language(DW_LANG_C)
     286                    .dwattr $C$DW$T$32, DW_AT_decl_file("D:\Program Files\TI CCSv6\ccsv6\ccs_base\msp430\include\m
     287                    .dwattr $C$DW$T$32, DW_AT_decl_line(0x47)
     288                    .dwattr $C$DW$T$32, DW_AT_decl_column(0x11)
     289            
     290            $C$DW$T$4       .dwtag  DW_TAG_base_type
     291                    .dwattr $C$DW$T$4, DW_AT_encoding(DW_ATE_boolean)
     292                    .dwattr $C$DW$T$4, DW_AT_name("bool")
     293                    .dwattr $C$DW$T$4, DW_AT_byte_size(0x01)
     294            
     295            $C$DW$T$5       .dwtag  DW_TAG_base_type
     296                    .dwattr $C$DW$T$5, DW_AT_encoding(DW_ATE_signed_char)
     297                    .dwattr $C$DW$T$5, DW_AT_name("signed char")
     298                    .dwattr $C$DW$T$5, DW_AT_byte_size(0x01)
     299            
     300            $C$DW$T$33      .dwtag  DW_TAG_typedef
     301                    .dwattr $C$DW$T$33, DW_AT_name("int8_t")
     302                    .dwattr $C$DW$T$33, DW_AT_type(*$C$DW$T$5)
     303                    .dwattr $C$DW$T$33, DW_AT_language(DW_LANG_C)
     304                    .dwattr $C$DW$T$33, DW_AT_decl_file("D:/Program Files/TI CCSv6/ccsv6/tools/compiler/msp430_15.
     305                    .dwattr $C$DW$T$33, DW_AT_decl_line(0x2a)
     306                    .dwattr $C$DW$T$33, DW_AT_decl_column(0x1e)
     307            
     308            $C$DW$T$34      .dwtag  DW_TAG_typedef
     309                    .dwattr $C$DW$T$34, DW_AT_name("int_least8_t")
     310                    .dwattr $C$DW$T$34, DW_AT_type(*$C$DW$T$33)
     311                    .dwattr $C$DW$T$34, DW_AT_language(DW_LANG_C)
     312                    .dwattr $C$DW$T$34, DW_AT_decl_file("D:/Program Files/TI CCSv6/ccsv6/tools/compiler/msp430_15.
     313                    .dwattr $C$DW$T$34, DW_AT_decl_line(0x37)
     314                    .dwattr $C$DW$T$34, DW_AT_decl_column(0x17)
     315            
     316            $C$DW$T$6       .dwtag  DW_TAG_base_type
     317                    .dwattr $C$DW$T$6, DW_AT_encoding(DW_ATE_unsigned_char)
     318                    .dwattr $C$DW$T$6, DW_AT_name("unsigned char")
     319                    .dwattr $C$DW$T$6, DW_AT_byte_size(0x01)
MSP430 Assembler PC v15.12.3 Wed Oct 12 11:18:55 2016

Tools Copyright (c) 2003-2015 Texas Instruments Incorporated
C:\Users\LokBok\AppData\Local\Temp\116842                            PAGE    7

     320            
     321            $C$DW$T$19      .dwtag  DW_TAG_typedef
     322                    .dwattr $C$DW$T$19, DW_AT_name("uint8_t")
     323                    .dwattr $C$DW$T$19, DW_AT_type(*$C$DW$T$6)
     324                    .dwattr $C$DW$T$19, DW_AT_language(DW_LANG_C)
     325                    .dwattr $C$DW$T$19, DW_AT_decl_file("D:/Program Files/TI CCSv6/ccsv6/tools/compiler/msp430_15.
     326                    .dwattr $C$DW$T$19, DW_AT_decl_line(0x2b)
     327                    .dwattr $C$DW$T$19, DW_AT_decl_column(0x1d)
     328            
     329            $C$DW$T$22      .dwtag  DW_TAG_pointer_type
     330                    .dwattr $C$DW$T$22, DW_AT_type(*$C$DW$T$19)
     331                    .dwattr $C$DW$T$22, DW_AT_address_class(0x14)
     332            
     333            $C$DW$17        .dwtag  DW_TAG_TI_far_type
     334                    .dwattr $C$DW$17, DW_AT_type(*$C$DW$T$19)
     335            
     336            $C$DW$T$20      .dwtag  DW_TAG_const_type
     337                    .dwattr $C$DW$T$20, DW_AT_type(*$C$DW$17)
     338            
     339            $C$DW$T$21      .dwtag  DW_TAG_pointer_type
     340                    .dwattr $C$DW$T$21, DW_AT_type(*$C$DW$T$20)
     341                    .dwattr $C$DW$T$21, DW_AT_address_class(0x14)
     342            
     343            $C$DW$T$40      .dwtag  DW_TAG_typedef
     344                    .dwattr $C$DW$T$40, DW_AT_name("uint_least8_t")
     345                    .dwattr $C$DW$T$40, DW_AT_type(*$C$DW$T$19)
     346                    .dwattr $C$DW$T$40, DW_AT_language(DW_LANG_C)
     347                    .dwattr $C$DW$T$40, DW_AT_decl_file("D:/Program Files/TI CCSv6/ccsv6/tools/compiler/msp430_15.
     348                    .dwattr $C$DW$T$40, DW_AT_decl_line(0x38)
     349                    .dwattr $C$DW$T$40, DW_AT_decl_column(0x16)
     350            
     351            $C$DW$T$7       .dwtag  DW_TAG_base_type
     352                    .dwattr $C$DW$T$7, DW_AT_encoding(DW_ATE_signed_char)
     353                    .dwattr $C$DW$T$7, DW_AT_name("wchar_t")
     354                    .dwattr $C$DW$T$7, DW_AT_byte_size(0x02)
     355            
     356            $C$DW$T$8       .dwtag  DW_TAG_base_type
     357                    .dwattr $C$DW$T$8, DW_AT_encoding(DW_ATE_signed)
     358                    .dwattr $C$DW$T$8, DW_AT_name("short")
     359                    .dwattr $C$DW$T$8, DW_AT_byte_size(0x02)
     360            
     361            $C$DW$T$9       .dwtag  DW_TAG_base_type
     362                    .dwattr $C$DW$T$9, DW_AT_encoding(DW_ATE_unsigned)
     363                    .dwattr $C$DW$T$9, DW_AT_name("unsigned short")
     364                    .dwattr $C$DW$T$9, DW_AT_byte_size(0x02)
     365            
     366            $C$DW$T$10      .dwtag  DW_TAG_base_type
     367                    .dwattr $C$DW$T$10, DW_AT_encoding(DW_ATE_signed)
     368                    .dwattr $C$DW$T$10, DW_AT_name("int")
     369                    .dwattr $C$DW$T$10, DW_AT_byte_size(0x02)
     370            
     371            $C$DW$T$43      .dwtag  DW_TAG_typedef
     372                    .dwattr $C$DW$T$43, DW_AT_name("int16_t")
     373                    .dwattr $C$DW$T$43, DW_AT_type(*$C$DW$T$10)
     374                    .dwattr $C$DW$T$43, DW_AT_language(DW_LANG_C)
MSP430 Assembler PC v15.12.3 Wed Oct 12 11:18:55 2016

Tools Copyright (c) 2003-2015 Texas Instruments Incorporated
C:\Users\LokBok\AppData\Local\Temp\116842                            PAGE    8

     375                    .dwattr $C$DW$T$43, DW_AT_decl_file("D:/Program Files/TI CCSv6/ccsv6/tools/compiler/msp430_15.
     376                    .dwattr $C$DW$T$43, DW_AT_decl_line(0x2c)
     377                    .dwattr $C$DW$T$43, DW_AT_decl_column(0x1d)
     378            
     379            $C$DW$T$44      .dwtag  DW_TAG_typedef
     380                    .dwattr $C$DW$T$44, DW_AT_name("int_fast16_t")
     381                    .dwattr $C$DW$T$44, DW_AT_type(*$C$DW$T$43)
     382                    .dwattr $C$DW$T$44, DW_AT_language(DW_LANG_C)
     383                    .dwattr $C$DW$T$44, DW_AT_decl_file("D:/Program Files/TI CCSv6/ccsv6/tools/compiler/msp430_15.
     384                    .dwattr $C$DW$T$44, DW_AT_decl_line(0x47)
     385                    .dwattr $C$DW$T$44, DW_AT_decl_column(0x17)
     386            
     387            $C$DW$T$45      .dwtag  DW_TAG_typedef
     388                    .dwattr $C$DW$T$45, DW_AT_name("int_fast8_t")
     389                    .dwattr $C$DW$T$45, DW_AT_type(*$C$DW$T$43)
     390                    .dwattr $C$DW$T$45, DW_AT_language(DW_LANG_C)
     391                    .dwattr $C$DW$T$45, DW_AT_decl_file("D:/Program Files/TI CCSv6/ccsv6/tools/compiler/msp430_15.
     392                    .dwattr $C$DW$T$45, DW_AT_decl_line(0x45)
     393                    .dwattr $C$DW$T$45, DW_AT_decl_column(0x17)
     394            
     395            $C$DW$T$46      .dwtag  DW_TAG_typedef
     396                    .dwattr $C$DW$T$46, DW_AT_name("int_least16_t")
     397                    .dwattr $C$DW$T$46, DW_AT_type(*$C$DW$T$43)
     398                    .dwattr $C$DW$T$46, DW_AT_language(DW_LANG_C)
     399                    .dwattr $C$DW$T$46, DW_AT_decl_file("D:/Program Files/TI CCSv6/ccsv6/tools/compiler/msp430_15.
     400                    .dwattr $C$DW$T$46, DW_AT_decl_line(0x3a)
     401                    .dwattr $C$DW$T$46, DW_AT_decl_column(0x17)
     402            
     403            $C$DW$T$11      .dwtag  DW_TAG_base_type
     404                    .dwattr $C$DW$T$11, DW_AT_encoding(DW_ATE_unsigned)
     405                    .dwattr $C$DW$T$11, DW_AT_name("unsigned int")
     406                    .dwattr $C$DW$T$11, DW_AT_byte_size(0x02)
     407            
     408            $C$DW$T$28      .dwtag  DW_TAG_typedef
     409                    .dwattr $C$DW$T$28, DW_AT_name("uint16_t")
     410                    .dwattr $C$DW$T$28, DW_AT_type(*$C$DW$T$11)
     411                    .dwattr $C$DW$T$28, DW_AT_language(DW_LANG_C)
     412                    .dwattr $C$DW$T$28, DW_AT_decl_file("D:/Program Files/TI CCSv6/ccsv6/tools/compiler/msp430_15.
     413                    .dwattr $C$DW$T$28, DW_AT_decl_line(0x2d)
     414                    .dwattr $C$DW$T$28, DW_AT_decl_column(0x1c)
     415            
     416            $C$DW$T$49      .dwtag  DW_TAG_typedef
     417                    .dwattr $C$DW$T$49, DW_AT_name("uint_fast16_t")
     418                    .dwattr $C$DW$T$49, DW_AT_type(*$C$DW$T$28)
     419                    .dwattr $C$DW$T$49, DW_AT_language(DW_LANG_C)
     420                    .dwattr $C$DW$T$49, DW_AT_decl_file("D:/Program Files/TI CCSv6/ccsv6/tools/compiler/msp430_15.
     421                    .dwattr $C$DW$T$49, DW_AT_decl_line(0x48)
     422                    .dwattr $C$DW$T$49, DW_AT_decl_column(0x16)
     423            
     424            $C$DW$T$50      .dwtag  DW_TAG_typedef
     425                    .dwattr $C$DW$T$50, DW_AT_name("uint_fast8_t")
     426                    .dwattr $C$DW$T$50, DW_AT_type(*$C$DW$T$28)
     427                    .dwattr $C$DW$T$50, DW_AT_language(DW_LANG_C)
     428                    .dwattr $C$DW$T$50, DW_AT_decl_file("D:/Program Files/TI CCSv6/ccsv6/tools/compiler/msp430_15.
     429                    .dwattr $C$DW$T$50, DW_AT_decl_line(0x46)
MSP430 Assembler PC v15.12.3 Wed Oct 12 11:18:55 2016

Tools Copyright (c) 2003-2015 Texas Instruments Incorporated
C:\Users\LokBok\AppData\Local\Temp\116842                            PAGE    9

     430                    .dwattr $C$DW$T$50, DW_AT_decl_column(0x16)
     431            
     432            $C$DW$T$51      .dwtag  DW_TAG_typedef
     433                    .dwattr $C$DW$T$51, DW_AT_name("uint_least16_t")
     434                    .dwattr $C$DW$T$51, DW_AT_type(*$C$DW$T$28)
     435                    .dwattr $C$DW$T$51, DW_AT_language(DW_LANG_C)
     436                    .dwattr $C$DW$T$51, DW_AT_decl_file("D:/Program Files/TI CCSv6/ccsv6/tools/compiler/msp430_15.
     437                    .dwattr $C$DW$T$51, DW_AT_decl_line(0x3b)
     438                    .dwattr $C$DW$T$51, DW_AT_decl_column(0x16)
     439            
     440            $C$DW$T$12      .dwtag  DW_TAG_base_type
     441                    .dwattr $C$DW$T$12, DW_AT_encoding(DW_ATE_signed)
     442                    .dwattr $C$DW$T$12, DW_AT_name("long")
     443                    .dwattr $C$DW$T$12, DW_AT_byte_size(0x04)
     444            
     445            $C$DW$T$52      .dwtag  DW_TAG_typedef
     446                    .dwattr $C$DW$T$52, DW_AT_name("int32_t")
     447                    .dwattr $C$DW$T$52, DW_AT_type(*$C$DW$T$12)
     448                    .dwattr $C$DW$T$52, DW_AT_language(DW_LANG_C)
     449                    .dwattr $C$DW$T$52, DW_AT_decl_file("D:/Program Files/TI CCSv6/ccsv6/tools/compiler/msp430_15.
     450                    .dwattr $C$DW$T$52, DW_AT_decl_line(0x2e)
     451                    .dwattr $C$DW$T$52, DW_AT_decl_column(0x1d)
     452            
     453            $C$DW$T$53      .dwtag  DW_TAG_typedef
     454                    .dwattr $C$DW$T$53, DW_AT_name("int_fast32_t")
     455                    .dwattr $C$DW$T$53, DW_AT_type(*$C$DW$T$52)
     456                    .dwattr $C$DW$T$53, DW_AT_language(DW_LANG_C)
     457                    .dwattr $C$DW$T$53, DW_AT_decl_file("D:/Program Files/TI CCSv6/ccsv6/tools/compiler/msp430_15.
     458                    .dwattr $C$DW$T$53, DW_AT_decl_line(0x4a)
     459                    .dwattr $C$DW$T$53, DW_AT_decl_column(0x17)
     460            
     461            $C$DW$T$54      .dwtag  DW_TAG_typedef
     462                    .dwattr $C$DW$T$54, DW_AT_name("int_least32_t")
     463                    .dwattr $C$DW$T$54, DW_AT_type(*$C$DW$T$52)
     464                    .dwattr $C$DW$T$54, DW_AT_language(DW_LANG_C)
     465                    .dwattr $C$DW$T$54, DW_AT_decl_file("D:/Program Files/TI CCSv6/ccsv6/tools/compiler/msp430_15.
     466                    .dwattr $C$DW$T$54, DW_AT_decl_line(0x3c)
     467                    .dwattr $C$DW$T$54, DW_AT_decl_column(0x17)
     468            
     469            $C$DW$T$55      .dwtag  DW_TAG_typedef
     470                    .dwattr $C$DW$T$55, DW_AT_name("intptr_t")
     471                    .dwattr $C$DW$T$55, DW_AT_type(*$C$DW$T$12)
     472                    .dwattr $C$DW$T$55, DW_AT_language(DW_LANG_C)
     473                    .dwattr $C$DW$T$55, DW_AT_decl_file("D:/Program Files/TI CCSv6/ccsv6/tools/compiler/msp430_15.
     474                    .dwattr $C$DW$T$55, DW_AT_decl_line(0x55)
     475                    .dwattr $C$DW$T$55, DW_AT_decl_column(0x1b)
     476            
     477            $C$DW$T$13      .dwtag  DW_TAG_base_type
     478                    .dwattr $C$DW$T$13, DW_AT_encoding(DW_ATE_unsigned)
     479                    .dwattr $C$DW$T$13, DW_AT_name("unsigned long")
     480                    .dwattr $C$DW$T$13, DW_AT_byte_size(0x04)
     481            
     482            $C$DW$T$56      .dwtag  DW_TAG_typedef
     483                    .dwattr $C$DW$T$56, DW_AT_name("uint32_t")
     484                    .dwattr $C$DW$T$56, DW_AT_type(*$C$DW$T$13)
MSP430 Assembler PC v15.12.3 Wed Oct 12 11:18:55 2016

Tools Copyright (c) 2003-2015 Texas Instruments Incorporated
C:\Users\LokBok\AppData\Local\Temp\116842                            PAGE   10

     485                    .dwattr $C$DW$T$56, DW_AT_language(DW_LANG_C)
     486                    .dwattr $C$DW$T$56, DW_AT_decl_file("D:/Program Files/TI CCSv6/ccsv6/tools/compiler/msp430_15.
     487                    .dwattr $C$DW$T$56, DW_AT_decl_line(0x2f)
     488                    .dwattr $C$DW$T$56, DW_AT_decl_column(0x1c)
     489            
     490            $C$DW$T$57      .dwtag  DW_TAG_typedef
     491                    .dwattr $C$DW$T$57, DW_AT_name("uint_fast32_t")
     492                    .dwattr $C$DW$T$57, DW_AT_type(*$C$DW$T$56)
     493                    .dwattr $C$DW$T$57, DW_AT_language(DW_LANG_C)
     494                    .dwattr $C$DW$T$57, DW_AT_decl_file("D:/Program Files/TI CCSv6/ccsv6/tools/compiler/msp430_15.
     495                    .dwattr $C$DW$T$57, DW_AT_decl_line(0x4b)
     496                    .dwattr $C$DW$T$57, DW_AT_decl_column(0x16)
     497            
     498            $C$DW$T$58      .dwtag  DW_TAG_typedef
     499                    .dwattr $C$DW$T$58, DW_AT_name("uint_least32_t")
     500                    .dwattr $C$DW$T$58, DW_AT_type(*$C$DW$T$56)
     501                    .dwattr $C$DW$T$58, DW_AT_language(DW_LANG_C)
     502                    .dwattr $C$DW$T$58, DW_AT_decl_file("D:/Program Files/TI CCSv6/ccsv6/tools/compiler/msp430_15.
     503                    .dwattr $C$DW$T$58, DW_AT_decl_line(0x3d)
     504                    .dwattr $C$DW$T$58, DW_AT_decl_column(0x16)
     505            
     506            $C$DW$T$59      .dwtag  DW_TAG_typedef
     507                    .dwattr $C$DW$T$59, DW_AT_name("uintptr_t")
     508                    .dwattr $C$DW$T$59, DW_AT_type(*$C$DW$T$13)
     509                    .dwattr $C$DW$T$59, DW_AT_language(DW_LANG_C)
     510                    .dwattr $C$DW$T$59, DW_AT_decl_file("D:/Program Files/TI CCSv6/ccsv6/tools/compiler/msp430_15.
     511                    .dwattr $C$DW$T$59, DW_AT_decl_line(0x56)
     512                    .dwattr $C$DW$T$59, DW_AT_decl_column(0x1b)
     513            
     514            $C$DW$T$14      .dwtag  DW_TAG_base_type
     515                    .dwattr $C$DW$T$14, DW_AT_encoding(DW_ATE_signed)
     516                    .dwattr $C$DW$T$14, DW_AT_name("long long")
     517                    .dwattr $C$DW$T$14, DW_AT_byte_size(0x08)
     518            
     519            $C$DW$T$60      .dwtag  DW_TAG_typedef
     520                    .dwattr $C$DW$T$60, DW_AT_name("int64_t")
     521                    .dwattr $C$DW$T$60, DW_AT_type(*$C$DW$T$14)
     522                    .dwattr $C$DW$T$60, DW_AT_language(DW_LANG_C)
     523                    .dwattr $C$DW$T$60, DW_AT_decl_file("D:/Program Files/TI CCSv6/ccsv6/tools/compiler/msp430_15.
     524                    .dwattr $C$DW$T$60, DW_AT_decl_line(0x32)
     525                    .dwattr $C$DW$T$60, DW_AT_decl_column(0x21)
     526            
     527            $C$DW$T$61      .dwtag  DW_TAG_typedef
     528                    .dwattr $C$DW$T$61, DW_AT_name("int_fast64_t")
     529                    .dwattr $C$DW$T$61, DW_AT_type(*$C$DW$T$60)
     530                    .dwattr $C$DW$T$61, DW_AT_language(DW_LANG_C)
     531                    .dwattr $C$DW$T$61, DW_AT_decl_file("D:/Program Files/TI CCSv6/ccsv6/tools/compiler/msp430_15.
     532                    .dwattr $C$DW$T$61, DW_AT_decl_line(0x4e)
     533                    .dwattr $C$DW$T$61, DW_AT_decl_column(0x17)
     534            
     535            $C$DW$T$62      .dwtag  DW_TAG_typedef
     536                    .dwattr $C$DW$T$62, DW_AT_name("int_least64_t")
     537                    .dwattr $C$DW$T$62, DW_AT_type(*$C$DW$T$60)
     538                    .dwattr $C$DW$T$62, DW_AT_language(DW_LANG_C)
     539                    .dwattr $C$DW$T$62, DW_AT_decl_file("D:/Program Files/TI CCSv6/ccsv6/tools/compiler/msp430_15.
MSP430 Assembler PC v15.12.3 Wed Oct 12 11:18:55 2016

Tools Copyright (c) 2003-2015 Texas Instruments Incorporated
C:\Users\LokBok\AppData\Local\Temp\116842                            PAGE   11

     540                    .dwattr $C$DW$T$62, DW_AT_decl_line(0x40)
     541                    .dwattr $C$DW$T$62, DW_AT_decl_column(0x17)
     542            
     543            $C$DW$T$63      .dwtag  DW_TAG_typedef
     544                    .dwattr $C$DW$T$63, DW_AT_name("intmax_t")
     545                    .dwattr $C$DW$T$63, DW_AT_type(*$C$DW$T$14)
     546                    .dwattr $C$DW$T$63, DW_AT_language(DW_LANG_C)
     547                    .dwattr $C$DW$T$63, DW_AT_decl_file("D:/Program Files/TI CCSv6/ccsv6/tools/compiler/msp430_15.
     548                    .dwattr $C$DW$T$63, DW_AT_decl_line(0x5d)
     549                    .dwattr $C$DW$T$63, DW_AT_decl_column(0x20)
     550            
     551            $C$DW$T$15      .dwtag  DW_TAG_base_type
     552                    .dwattr $C$DW$T$15, DW_AT_encoding(DW_ATE_unsigned)
     553                    .dwattr $C$DW$T$15, DW_AT_name("unsigned long long")
     554                    .dwattr $C$DW$T$15, DW_AT_byte_size(0x08)
     555            
     556            $C$DW$T$64      .dwtag  DW_TAG_typedef
     557                    .dwattr $C$DW$T$64, DW_AT_name("uint64_t")
     558                    .dwattr $C$DW$T$64, DW_AT_type(*$C$DW$T$15)
     559                    .dwattr $C$DW$T$64, DW_AT_language(DW_LANG_C)
     560                    .dwattr $C$DW$T$64, DW_AT_decl_file("D:/Program Files/TI CCSv6/ccsv6/tools/compiler/msp430_15.
     561                    .dwattr $C$DW$T$64, DW_AT_decl_line(0x33)
     562                    .dwattr $C$DW$T$64, DW_AT_decl_column(0x20)
     563            
     564            $C$DW$T$65      .dwtag  DW_TAG_typedef
     565                    .dwattr $C$DW$T$65, DW_AT_name("uint_fast64_t")
     566                    .dwattr $C$DW$T$65, DW_AT_type(*$C$DW$T$64)
     567                    .dwattr $C$DW$T$65, DW_AT_language(DW_LANG_C)
     568                    .dwattr $C$DW$T$65, DW_AT_decl_file("D:/Program Files/TI CCSv6/ccsv6/tools/compiler/msp430_15.
     569                    .dwattr $C$DW$T$65, DW_AT_decl_line(0x4f)
     570                    .dwattr $C$DW$T$65, DW_AT_decl_column(0x16)
     571            
     572            $C$DW$T$66      .dwtag  DW_TAG_typedef
     573                    .dwattr $C$DW$T$66, DW_AT_name("uint_least64_t")
     574                    .dwattr $C$DW$T$66, DW_AT_type(*$C$DW$T$64)
     575                    .dwattr $C$DW$T$66, DW_AT_language(DW_LANG_C)
     576                    .dwattr $C$DW$T$66, DW_AT_decl_file("D:/Program Files/TI CCSv6/ccsv6/tools/compiler/msp430_15.
     577                    .dwattr $C$DW$T$66, DW_AT_decl_line(0x41)
     578                    .dwattr $C$DW$T$66, DW_AT_decl_column(0x16)
     579            
     580            $C$DW$T$67      .dwtag  DW_TAG_typedef
     581                    .dwattr $C$DW$T$67, DW_AT_name("uintmax_t")
     582                    .dwattr $C$DW$T$67, DW_AT_type(*$C$DW$T$15)
     583                    .dwattr $C$DW$T$67, DW_AT_language(DW_LANG_C)
     584                    .dwattr $C$DW$T$67, DW_AT_decl_file("D:/Program Files/TI CCSv6/ccsv6/tools/compiler/msp430_15.
     585                    .dwattr $C$DW$T$67, DW_AT_decl_line(0x5e)
     586                    .dwattr $C$DW$T$67, DW_AT_decl_column(0x20)
     587            
     588            $C$DW$T$16      .dwtag  DW_TAG_base_type
     589                    .dwattr $C$DW$T$16, DW_AT_encoding(DW_ATE_float)
     590                    .dwattr $C$DW$T$16, DW_AT_name("float")
     591                    .dwattr $C$DW$T$16, DW_AT_byte_size(0x04)
     592            
     593            $C$DW$T$17      .dwtag  DW_TAG_base_type
     594                    .dwattr $C$DW$T$17, DW_AT_encoding(DW_ATE_float)
MSP430 Assembler PC v15.12.3 Wed Oct 12 11:18:55 2016

Tools Copyright (c) 2003-2015 Texas Instruments Incorporated
C:\Users\LokBok\AppData\Local\Temp\116842                            PAGE   12

     595                    .dwattr $C$DW$T$17, DW_AT_name("double")
     596                    .dwattr $C$DW$T$17, DW_AT_byte_size(0x08)
     597            
     598            $C$DW$T$18      .dwtag  DW_TAG_base_type
     599                    .dwattr $C$DW$T$18, DW_AT_encoding(DW_ATE_float)
     600                    .dwattr $C$DW$T$18, DW_AT_name("long double")
     601                    .dwattr $C$DW$T$18, DW_AT_byte_size(0x08)
     602            
     603                    .dwattr $C$DW$CU, DW_AT_language(DW_LANG_C)
     604            
     605            ;***************************************************************
     606            ;* DWARF CIE ENTRIES                                           *
     607            ;***************************************************************
     608            
     609            $C$DW$CIE       .dwcie 16
     610                    .dwcfi  cfa_register, 1
     611                    .dwcfi  cfa_offset, 0
     612                    .dwcfi  same_value, 0
     613                    .dwcfi  same_value, 1
     614                    .dwcfi  undefined, 2
     615                    .dwcfi  same_value, 3
     616                    .dwcfi  same_value, 4
     617                    .dwcfi  same_value, 5
     618                    .dwcfi  same_value, 6
     619                    .dwcfi  same_value, 7
     620                    .dwcfi  same_value, 8
     621                    .dwcfi  same_value, 9
     622                    .dwcfi  same_value, 10
     623                    .dwcfi  undefined, 11
     624                    .dwcfi  undefined, 12
     625                    .dwcfi  undefined, 13
     626                    .dwcfi  undefined, 14
     627                    .dwcfi  undefined, 15
     628                    .dwcfi  undefined, 16
     629                    .dwendentry
     630            
     631            ;***************************************************************
     632            ;* DWARF REGISTER MAP                                          *
     633            ;***************************************************************
     634            
     635            $C$DW$18        .dwtag  DW_TAG_TI_assign_register
     636                    .dwattr $C$DW$18, DW_AT_name("PC")
     637                    .dwattr $C$DW$18, DW_AT_location[DW_OP_reg0]
     638            
     639            $C$DW$19        .dwtag  DW_TAG_TI_assign_register
     640                    .dwattr $C$DW$19, DW_AT_name("SP")
     641                    .dwattr $C$DW$19, DW_AT_location[DW_OP_reg1]
     642            
     643            $C$DW$20        .dwtag  DW_TAG_TI_assign_register
     644                    .dwattr $C$DW$20, DW_AT_name("SR")
     645                    .dwattr $C$DW$20, DW_AT_location[DW_OP_reg2]
     646            
     647            $C$DW$21        .dwtag  DW_TAG_TI_assign_register
     648                    .dwattr $C$DW$21, DW_AT_name("CG")
     649                    .dwattr $C$DW$21, DW_AT_location[DW_OP_reg3]
MSP430 Assembler PC v15.12.3 Wed Oct 12 11:18:55 2016

Tools Copyright (c) 2003-2015 Texas Instruments Incorporated
C:\Users\LokBok\AppData\Local\Temp\116842                            PAGE   13

     650            
     651            $C$DW$22        .dwtag  DW_TAG_TI_assign_register
     652                    .dwattr $C$DW$22, DW_AT_name("r4")
     653                    .dwattr $C$DW$22, DW_AT_location[DW_OP_reg4]
     654            
     655            $C$DW$23        .dwtag  DW_TAG_TI_assign_register
     656                    .dwattr $C$DW$23, DW_AT_name("r5")
     657                    .dwattr $C$DW$23, DW_AT_location[DW_OP_reg5]
     658            
     659            $C$DW$24        .dwtag  DW_TAG_TI_assign_register
     660                    .dwattr $C$DW$24, DW_AT_name("r6")
     661                    .dwattr $C$DW$24, DW_AT_location[DW_OP_reg6]
     662            
     663            $C$DW$25        .dwtag  DW_TAG_TI_assign_register
     664                    .dwattr $C$DW$25, DW_AT_name("r7")
     665                    .dwattr $C$DW$25, DW_AT_location[DW_OP_reg7]
     666            
     667            $C$DW$26        .dwtag  DW_TAG_TI_assign_register
     668                    .dwattr $C$DW$26, DW_AT_name("r8")
     669                    .dwattr $C$DW$26, DW_AT_location[DW_OP_reg8]
     670            
     671            $C$DW$27        .dwtag  DW_TAG_TI_assign_register
     672                    .dwattr $C$DW$27, DW_AT_name("r9")
     673                    .dwattr $C$DW$27, DW_AT_location[DW_OP_reg9]
     674            
     675            $C$DW$28        .dwtag  DW_TAG_TI_assign_register
     676                    .dwattr $C$DW$28, DW_AT_name("r10")
     677                    .dwattr $C$DW$28, DW_AT_location[DW_OP_reg10]
     678            
     679            $C$DW$29        .dwtag  DW_TAG_TI_assign_register
     680                    .dwattr $C$DW$29, DW_AT_name("r11")
     681                    .dwattr $C$DW$29, DW_AT_location[DW_OP_reg11]
     682            
     683            $C$DW$30        .dwtag  DW_TAG_TI_assign_register
     684                    .dwattr $C$DW$30, DW_AT_name("r12")
     685                    .dwattr $C$DW$30, DW_AT_location[DW_OP_reg12]
     686            
     687            $C$DW$31        .dwtag  DW_TAG_TI_assign_register
     688                    .dwattr $C$DW$31, DW_AT_name("r13")
     689                    .dwattr $C$DW$31, DW_AT_location[DW_OP_reg13]
     690            
     691            $C$DW$32        .dwtag  DW_TAG_TI_assign_register
     692                    .dwattr $C$DW$32, DW_AT_name("r14")
     693                    .dwattr $C$DW$32, DW_AT_location[DW_OP_reg14]
     694            
     695            $C$DW$33        .dwtag  DW_TAG_TI_assign_register
     696                    .dwattr $C$DW$33, DW_AT_name("r15")
     697                    .dwattr $C$DW$33, DW_AT_location[DW_OP_reg15]
     698            
     699            $C$DW$34        .dwtag  DW_TAG_TI_assign_register
     700                    .dwattr $C$DW$34, DW_AT_name("CIE_RETA")
     701                    .dwattr $C$DW$34, DW_AT_location[DW_OP_reg16]
     702            
     703                    .dwendtag $C$DW$CU
     704            
MSP430 Assembler PC v15.12.3 Wed Oct 12 11:18:55 2016

Tools Copyright (c) 2003-2015 Texas Instruments Incorporated
C:\Users\LokBok\AppData\Local\Temp\116842                            PAGE   14


No Assembly Errors, No Assembly Warnings
