MSP430 Assembler PC v15.12.3 Wed Oct 12 11:25:59 2016

Tools Copyright (c) 2003-2015 Texas Instruments Incorporated
C:\Users\LokBok\AppData\Local\Temp\142042                            PAGE    1

       1            ;******************************************************************************
       2            ;* MSP430 C/C++ Codegen                                       PC v15.12.3.LTS *
       3            ;* Date/Time created: Wed Oct 12 11:25:59 2016                                *
       4            ;******************************************************************************
       5                    .compiler_opts --abi=eabi --diag_wrap=off --hll_source=on --mem_model:code=large --mem_model:d
       6            
       7            $C$DW$CU        .dwtag  DW_TAG_compile_unit
       8                    .dwattr $C$DW$CU, DW_AT_name("../MSP430F5xx_6xx/wdt_a.c")
       9                    .dwattr $C$DW$CU, DW_AT_producer("TI MSP430 C/C++ Codegen PC v15.12.3.LTS Copyright (c) 2003-2
      10                    .dwattr $C$DW$CU, DW_AT_TI_version(0x01)
      11                    .dwattr $C$DW$CU, DW_AT_comp_dir("D:\Programmeerimine\Code Composer WS\CardReader\src\Debug")
      12            ;       D:\Program Files\TI CCSv6\ccsv6\tools\compiler\msp430_15.12.3.LTS\bin\opt430.exe D:/Programmee
      13 000000               .sect   ".text:WDT_A_hold"
      14                    .clink
      15                    .global WDT_A_hold
      16            
      17            $C$DW$1 .dwtag  DW_TAG_subprogram
      18                    .dwattr $C$DW$1, DW_AT_name("WDT_A_hold")
      19                    .dwattr $C$DW$1, DW_AT_low_pc(WDT_A_hold)
      20                    .dwattr $C$DW$1, DW_AT_high_pc(0x00)
      21                    .dwattr $C$DW$1, DW_AT_TI_symbol_name("WDT_A_hold")
      22                    .dwattr $C$DW$1, DW_AT_external
      23                    .dwattr $C$DW$1, DW_AT_TI_begin_file("../MSP430F5xx_6xx/wdt_a.c")
      24                    .dwattr $C$DW$1, DW_AT_TI_begin_line(0x34)
      25                    .dwattr $C$DW$1, DW_AT_TI_begin_column(0x06)
      26                    .dwattr $C$DW$1, DW_AT_decl_file("../MSP430F5xx_6xx/wdt_a.c")
      27                    .dwattr $C$DW$1, DW_AT_decl_line(0x34)
      28                    .dwattr $C$DW$1, DW_AT_decl_column(0x06)
      29                    .dwattr $C$DW$1, DW_AT_TI_max_frame_size(0x04)
      30                    .dwpsn  file "../MSP430F5xx_6xx/wdt_a.c",line 53,column 1,is_stmt,address WDT_A_hold,isa 0
      31            
      32                    .dwfde $C$DW$CIE, WDT_A_hold
      33            $C$DW$2 .dwtag  DW_TAG_formal_parameter
      34                    .dwattr $C$DW$2, DW_AT_name("baseAddress")
      35                    .dwattr $C$DW$2, DW_AT_TI_symbol_name("baseAddress")
      36                    .dwattr $C$DW$2, DW_AT_type(*$C$DW$T$19)
      37                    .dwattr $C$DW$2, DW_AT_location[DW_OP_reg12]
      38            
      39            
      40            ;*****************************************************************************
      41            ;* FUNCTION NAME: WDT_A_hold                                                 *
      42            ;*                                                                           *
      43            ;*   Regs Modified     : SP,SR,r12,r15                                       *
      44            ;*   Regs Used         : SP,SR,r12,r15                                       *
      45            ;*   Local Frame Size  : 0 Args + 0 Auto + 0 Save = 0 byte                   *
      46            ;*****************************************************************************
      47 000000       WDT_A_hold:
      48            ;* --------------------------------------------------------------------------*
      49                    .dwcfi  cfa_offset, 4
      50                    .dwcfi  save_reg_to_mem, 16, -4
      51            ;* r12   assigned to baseAddress
      52            $C$DW$3 .dwtag  DW_TAG_variable
      53                    .dwattr $C$DW$3, DW_AT_name("baseAddress")
      54                    .dwattr $C$DW$3, DW_AT_TI_symbol_name("baseAddress")
      55                    .dwattr $C$DW$3, DW_AT_type(*$C$DW$T$19)
MSP430 Assembler PC v15.12.3 Wed Oct 12 11:25:59 2016

Tools Copyright (c) 2003-2015 Texas Instruments Incorporated
C:\Users\LokBok\AppData\Local\Temp\142042                            PAGE    2

      56                    .dwattr $C$DW$3, DW_AT_location[DW_OP_reg12]
      57            
      58            ;* r15   assigned to newWDTStatus
      59            $C$DW$4 .dwtag  DW_TAG_variable
      60                    .dwattr $C$DW$4, DW_AT_name("newWDTStatus")
      61                    .dwattr $C$DW$4, DW_AT_TI_symbol_name("newWDTStatus")
      62                    .dwattr $C$DW$4, DW_AT_type(*$C$DW$T$21)
      63                    .dwattr $C$DW$4, DW_AT_location[DW_OP_reg15]
      64            
      65                    .dwpsn  file "../MSP430F5xx_6xx/wdt_a.c",line 55,column 26,is_stmt,isa 0
      66 000000 0CCF          MOVA      r12,r15               ; [] |55| 
      67 000002 503F          ADD.W     #12,r15               ; [] |55| 
         000004 000C 
      68 000006 4F2F          MOV.W     @r15,r15              ; [] |55| 
      69 000008 F07F          AND.B     #127,r15              ; [] |55| 
         00000a 007F 
      70 00000c D07F          OR.B      #128,r15              ; [] |55| 
         00000e 0080 
      71                    .dwpsn  file "../MSP430F5xx_6xx/wdt_a.c",line 58,column 5,is_stmt,isa 0
      72 000010 4F4F          MOV.B     r15,r15               ; [] |58| 
      73 000012 503F          ADD.W     #23040,r15            ; [] |58| 
         000014 5A00 
      74 000016 503C          ADD.W     #12,r12               ; [] |58| 
         000018 000C 
      75 00001a 4F8C          MOV.W     r15,0(r12)            ; [] |58| 
         00001c 0000 
      76                    .dwpsn  file "../MSP430F5xx_6xx/wdt_a.c",line 59,column 1,is_stmt,isa 0
      77            $C$DW$5 .dwtag  DW_TAG_TI_branch
      78                    .dwattr $C$DW$5, DW_AT_low_pc(0x00)
      79                    .dwattr $C$DW$5, DW_AT_TI_return
      80            
      81 00001e 0110          RETA      ; [] 
      82                    ; [] 
      83                    .dwattr $C$DW$1, DW_AT_TI_end_file("../MSP430F5xx_6xx/wdt_a.c")
      84                    .dwattr $C$DW$1, DW_AT_TI_end_line(0x3b)
      85                    .dwattr $C$DW$1, DW_AT_TI_end_column(0x01)
      86                    .dwendentry
      87                    .dwendtag $C$DW$1
      88            
      89 000000               .sect   ".text:WDT_A_start"
      90                    .clink
      91                    .global WDT_A_start
      92            
      93            $C$DW$6 .dwtag  DW_TAG_subprogram
      94                    .dwattr $C$DW$6, DW_AT_name("WDT_A_start")
      95                    .dwattr $C$DW$6, DW_AT_low_pc(WDT_A_start)
      96                    .dwattr $C$DW$6, DW_AT_high_pc(0x00)
      97                    .dwattr $C$DW$6, DW_AT_TI_symbol_name("WDT_A_start")
      98                    .dwattr $C$DW$6, DW_AT_external
      99                    .dwattr $C$DW$6, DW_AT_TI_begin_file("../MSP430F5xx_6xx/wdt_a.c")
     100                    .dwattr $C$DW$6, DW_AT_TI_begin_line(0x3d)
     101                    .dwattr $C$DW$6, DW_AT_TI_begin_column(0x06)
     102                    .dwattr $C$DW$6, DW_AT_decl_file("../MSP430F5xx_6xx/wdt_a.c")
     103                    .dwattr $C$DW$6, DW_AT_decl_line(0x3d)
     104                    .dwattr $C$DW$6, DW_AT_decl_column(0x06)
MSP430 Assembler PC v15.12.3 Wed Oct 12 11:25:59 2016

Tools Copyright (c) 2003-2015 Texas Instruments Incorporated
C:\Users\LokBok\AppData\Local\Temp\142042                            PAGE    3

     105                    .dwattr $C$DW$6, DW_AT_TI_max_frame_size(0x04)
     106                    .dwpsn  file "../MSP430F5xx_6xx/wdt_a.c",line 62,column 1,is_stmt,address WDT_A_start,isa 0
     107            
     108                    .dwfde $C$DW$CIE, WDT_A_start
     109            $C$DW$7 .dwtag  DW_TAG_formal_parameter
     110                    .dwattr $C$DW$7, DW_AT_name("baseAddress")
     111                    .dwattr $C$DW$7, DW_AT_TI_symbol_name("baseAddress")
     112                    .dwattr $C$DW$7, DW_AT_type(*$C$DW$T$19)
     113                    .dwattr $C$DW$7, DW_AT_location[DW_OP_reg12]
     114            
     115            
     116            ;*****************************************************************************
     117            ;* FUNCTION NAME: WDT_A_start                                                *
     118            ;*                                                                           *
     119            ;*   Regs Modified     : SP,SR,r12,r15                                       *
     120            ;*   Regs Used         : SP,SR,r12,r15                                       *
     121            ;*   Local Frame Size  : 0 Args + 0 Auto + 0 Save = 0 byte                   *
     122            ;*****************************************************************************
     123 000000       WDT_A_start:
     124            ;* --------------------------------------------------------------------------*
     125                    .dwcfi  cfa_offset, 4
     126                    .dwcfi  save_reg_to_mem, 16, -4
     127            ;* r12   assigned to baseAddress
     128            $C$DW$8 .dwtag  DW_TAG_variable
     129                    .dwattr $C$DW$8, DW_AT_name("baseAddress")
     130                    .dwattr $C$DW$8, DW_AT_TI_symbol_name("baseAddress")
     131                    .dwattr $C$DW$8, DW_AT_type(*$C$DW$T$19)
     132                    .dwattr $C$DW$8, DW_AT_location[DW_OP_reg12]
     133            
     134            ;* r15   assigned to newWDTStatus
     135            $C$DW$9 .dwtag  DW_TAG_variable
     136                    .dwattr $C$DW$9, DW_AT_name("newWDTStatus")
     137                    .dwattr $C$DW$9, DW_AT_TI_symbol_name("newWDTStatus")
     138                    .dwattr $C$DW$9, DW_AT_type(*$C$DW$T$21)
     139                    .dwattr $C$DW$9, DW_AT_location[DW_OP_reg15]
     140            
     141                    .dwpsn  file "../MSP430F5xx_6xx/wdt_a.c",line 64,column 26,is_stmt,isa 0
     142 000000 0CCF          MOVA      r12,r15               ; [] |64| 
     143 000002 503F          ADD.W     #12,r15               ; [] |64| 
         000004 000C 
     144 000006 4F2F          MOV.W     @r15,r15              ; [] |64| 
     145 000008 F07F          AND.B     #127,r15              ; [] |64| 
         00000a 007F 
     146                    .dwpsn  file "../MSP430F5xx_6xx/wdt_a.c",line 67,column 5,is_stmt,isa 0
     147 00000c 4F4F          MOV.B     r15,r15               ; [] |67| 
     148 00000e 503F          ADD.W     #23040,r15            ; [] |67| 
         000010 5A00 
     149 000012 503C          ADD.W     #12,r12               ; [] |67| 
         000014 000C 
     150 000016 4F8C          MOV.W     r15,0(r12)            ; [] |67| 
         000018 0000 
     151                    .dwpsn  file "../MSP430F5xx_6xx/wdt_a.c",line 68,column 1,is_stmt,isa 0
     152            $C$DW$10        .dwtag  DW_TAG_TI_branch
     153                    .dwattr $C$DW$10, DW_AT_low_pc(0x00)
     154                    .dwattr $C$DW$10, DW_AT_TI_return
MSP430 Assembler PC v15.12.3 Wed Oct 12 11:25:59 2016

Tools Copyright (c) 2003-2015 Texas Instruments Incorporated
C:\Users\LokBok\AppData\Local\Temp\142042                            PAGE    4

     155            
     156 00001a 0110          RETA      ; [] 
     157                    ; [] 
     158                    .dwattr $C$DW$6, DW_AT_TI_end_file("../MSP430F5xx_6xx/wdt_a.c")
     159                    .dwattr $C$DW$6, DW_AT_TI_end_line(0x44)
     160                    .dwattr $C$DW$6, DW_AT_TI_end_column(0x01)
     161                    .dwendentry
     162                    .dwendtag $C$DW$6
     163            
     164 000000               .sect   ".text:WDT_A_resetTimer"
     165                    .clink
     166                    .global WDT_A_resetTimer
     167            
     168            $C$DW$11        .dwtag  DW_TAG_subprogram
     169                    .dwattr $C$DW$11, DW_AT_name("WDT_A_resetTimer")
     170                    .dwattr $C$DW$11, DW_AT_low_pc(WDT_A_resetTimer)
     171                    .dwattr $C$DW$11, DW_AT_high_pc(0x00)
     172                    .dwattr $C$DW$11, DW_AT_TI_symbol_name("WDT_A_resetTimer")
     173                    .dwattr $C$DW$11, DW_AT_external
     174                    .dwattr $C$DW$11, DW_AT_TI_begin_file("../MSP430F5xx_6xx/wdt_a.c")
     175                    .dwattr $C$DW$11, DW_AT_TI_begin_line(0x46)
     176                    .dwattr $C$DW$11, DW_AT_TI_begin_column(0x06)
     177                    .dwattr $C$DW$11, DW_AT_decl_file("../MSP430F5xx_6xx/wdt_a.c")
     178                    .dwattr $C$DW$11, DW_AT_decl_line(0x46)
     179                    .dwattr $C$DW$11, DW_AT_decl_column(0x06)
     180                    .dwattr $C$DW$11, DW_AT_TI_max_frame_size(0x04)
     181                    .dwpsn  file "../MSP430F5xx_6xx/wdt_a.c",line 71,column 1,is_stmt,address WDT_A_resetTimer,isa
     182            
     183                    .dwfde $C$DW$CIE, WDT_A_resetTimer
     184            $C$DW$12        .dwtag  DW_TAG_formal_parameter
     185                    .dwattr $C$DW$12, DW_AT_name("baseAddress")
     186                    .dwattr $C$DW$12, DW_AT_TI_symbol_name("baseAddress")
     187                    .dwattr $C$DW$12, DW_AT_type(*$C$DW$T$19)
     188                    .dwattr $C$DW$12, DW_AT_location[DW_OP_reg12]
     189            
     190            
     191            ;*****************************************************************************
     192            ;* FUNCTION NAME: WDT_A_resetTimer                                           *
     193            ;*                                                                           *
     194            ;*   Regs Modified     : SP,SR,r12,r15                                       *
     195            ;*   Regs Used         : SP,SR,r12,r15                                       *
     196            ;*   Local Frame Size  : 0 Args + 0 Auto + 0 Save = 0 byte                   *
     197            ;*****************************************************************************
     198 000000       WDT_A_resetTimer:
     199            ;* --------------------------------------------------------------------------*
     200                    .dwcfi  cfa_offset, 4
     201                    .dwcfi  save_reg_to_mem, 16, -4
     202            ;* r12   assigned to baseAddress
     203            $C$DW$13        .dwtag  DW_TAG_variable
     204                    .dwattr $C$DW$13, DW_AT_name("baseAddress")
     205                    .dwattr $C$DW$13, DW_AT_TI_symbol_name("baseAddress")
     206                    .dwattr $C$DW$13, DW_AT_type(*$C$DW$T$19)
     207                    .dwattr $C$DW$13, DW_AT_location[DW_OP_reg12]
     208            
     209            ;* r15   assigned to newWDTStatus
MSP430 Assembler PC v15.12.3 Wed Oct 12 11:25:59 2016

Tools Copyright (c) 2003-2015 Texas Instruments Incorporated
C:\Users\LokBok\AppData\Local\Temp\142042                            PAGE    5

     210            $C$DW$14        .dwtag  DW_TAG_variable
     211                    .dwattr $C$DW$14, DW_AT_name("newWDTStatus")
     212                    .dwattr $C$DW$14, DW_AT_TI_symbol_name("newWDTStatus")
     213                    .dwattr $C$DW$14, DW_AT_type(*$C$DW$T$21)
     214                    .dwattr $C$DW$14, DW_AT_location[DW_OP_reg15]
     215            
     216                    .dwpsn  file "../MSP430F5xx_6xx/wdt_a.c",line 73,column 26,is_stmt,isa 0
     217 000000 0CCF          MOVA      r12,r15               ; [] |73| 
     218 000002 503F          ADD.W     #12,r15               ; [] |73| 
         000004 000C 
     219 000006 4F2F          MOV.W     @r15,r15              ; [] |73| 
     220 000008 C27F          BIC.B     #8,r15                ; [] |73| 
     221 00000a D27F          OR.B      #8,r15                ; [] |73| 
     222                    .dwpsn  file "../MSP430F5xx_6xx/wdt_a.c",line 76,column 5,is_stmt,isa 0
     223 00000c 4F4F          MOV.B     r15,r15               ; [] |76| 
     224 00000e 503F          ADD.W     #23040,r15            ; [] |76| 
         000010 5A00 
     225 000012 503C          ADD.W     #12,r12               ; [] |76| 
         000014 000C 
     226 000016 4F8C          MOV.W     r15,0(r12)            ; [] |76| 
         000018 0000 
     227                    .dwpsn  file "../MSP430F5xx_6xx/wdt_a.c",line 77,column 1,is_stmt,isa 0
     228            $C$DW$15        .dwtag  DW_TAG_TI_branch
     229                    .dwattr $C$DW$15, DW_AT_low_pc(0x00)
     230                    .dwattr $C$DW$15, DW_AT_TI_return
     231            
     232 00001a 0110          RETA      ; [] 
     233                    ; [] 
     234                    .dwattr $C$DW$11, DW_AT_TI_end_file("../MSP430F5xx_6xx/wdt_a.c")
     235                    .dwattr $C$DW$11, DW_AT_TI_end_line(0x4d)
     236                    .dwattr $C$DW$11, DW_AT_TI_end_column(0x01)
     237                    .dwendentry
     238                    .dwendtag $C$DW$11
     239            
     240 000000               .sect   ".text:WDT_A_initWatchdogTimer"
     241                    .clink
     242                    .global WDT_A_initWatchdogTimer
     243            
     244            $C$DW$16        .dwtag  DW_TAG_subprogram
     245                    .dwattr $C$DW$16, DW_AT_name("WDT_A_initWatchdogTimer")
     246                    .dwattr $C$DW$16, DW_AT_low_pc(WDT_A_initWatchdogTimer)
     247                    .dwattr $C$DW$16, DW_AT_high_pc(0x00)
     248                    .dwattr $C$DW$16, DW_AT_TI_symbol_name("WDT_A_initWatchdogTimer")
     249                    .dwattr $C$DW$16, DW_AT_external
     250                    .dwattr $C$DW$16, DW_AT_TI_begin_file("../MSP430F5xx_6xx/wdt_a.c")
     251                    .dwattr $C$DW$16, DW_AT_TI_begin_line(0x4f)
     252                    .dwattr $C$DW$16, DW_AT_TI_begin_column(0x06)
     253                    .dwattr $C$DW$16, DW_AT_decl_file("../MSP430F5xx_6xx/wdt_a.c")
     254                    .dwattr $C$DW$16, DW_AT_decl_line(0x4f)
     255                    .dwattr $C$DW$16, DW_AT_decl_column(0x06)
     256                    .dwattr $C$DW$16, DW_AT_TI_max_frame_size(0x04)
     257                    .dwpsn  file "../MSP430F5xx_6xx/wdt_a.c",line 82,column 1,is_stmt,address WDT_A_initWatchdogTi
     258            
     259                    .dwfde $C$DW$CIE, WDT_A_initWatchdogTimer
     260            $C$DW$17        .dwtag  DW_TAG_formal_parameter
MSP430 Assembler PC v15.12.3 Wed Oct 12 11:25:59 2016

Tools Copyright (c) 2003-2015 Texas Instruments Incorporated
C:\Users\LokBok\AppData\Local\Temp\142042                            PAGE    6

     261                    .dwattr $C$DW$17, DW_AT_name("baseAddress")
     262                    .dwattr $C$DW$17, DW_AT_TI_symbol_name("baseAddress")
     263                    .dwattr $C$DW$17, DW_AT_type(*$C$DW$T$19)
     264                    .dwattr $C$DW$17, DW_AT_location[DW_OP_reg12]
     265            
     266            $C$DW$18        .dwtag  DW_TAG_formal_parameter
     267                    .dwattr $C$DW$18, DW_AT_name("clockSelect")
     268                    .dwattr $C$DW$18, DW_AT_TI_symbol_name("clockSelect")
     269                    .dwattr $C$DW$18, DW_AT_type(*$C$DW$T$21)
     270                    .dwattr $C$DW$18, DW_AT_location[DW_OP_reg13]
     271            
     272            $C$DW$19        .dwtag  DW_TAG_formal_parameter
     273                    .dwattr $C$DW$19, DW_AT_name("clockDivider")
     274                    .dwattr $C$DW$19, DW_AT_TI_symbol_name("clockDivider")
     275                    .dwattr $C$DW$19, DW_AT_type(*$C$DW$T$21)
     276                    .dwattr $C$DW$19, DW_AT_location[DW_OP_reg14]
     277            
     278            
     279            ;*****************************************************************************
     280            ;* FUNCTION NAME: WDT_A_initWatchdogTimer                                    *
     281            ;*                                                                           *
     282            ;*   Regs Modified     : SP,SR,r12,r13,r14                                   *
     283            ;*   Regs Used         : SP,SR,r12,r13,r14                                   *
     284            ;*   Local Frame Size  : 0 Args + 0 Auto + 0 Save = 0 byte                   *
     285            ;*****************************************************************************
     286 000000       WDT_A_initWatchdogTimer:
     287            ;* --------------------------------------------------------------------------*
     288                    .dwcfi  cfa_offset, 4
     289                    .dwcfi  save_reg_to_mem, 16, -4
     290            ;* r13   assigned to clockSelect
     291            $C$DW$20        .dwtag  DW_TAG_variable
     292                    .dwattr $C$DW$20, DW_AT_name("clockSelect")
     293                    .dwattr $C$DW$20, DW_AT_TI_symbol_name("clockSelect")
     294                    .dwattr $C$DW$20, DW_AT_type(*$C$DW$T$21)
     295                    .dwattr $C$DW$20, DW_AT_location[DW_OP_reg13]
     296            
     297            ;* r14   assigned to clockDivider
     298            $C$DW$21        .dwtag  DW_TAG_variable
     299                    .dwattr $C$DW$21, DW_AT_name("clockDivider")
     300                    .dwattr $C$DW$21, DW_AT_TI_symbol_name("clockDivider")
     301                    .dwattr $C$DW$21, DW_AT_type(*$C$DW$T$21)
     302                    .dwattr $C$DW$21, DW_AT_location[DW_OP_reg14]
     303            
     304                    .dwpsn  file "../MSP430F5xx_6xx/wdt_a.c",line 83,column 5,is_stmt,isa 0
     305 000000 4D4D          MOV.B     r13,r13               ; [] |83| 
     306 000002 4E4E          MOV.B     r14,r14               ; [] |83| 
     307 000004 5E0D          ADD.W     r14,r13               ; [] |83| 
     308 000006 503D          ADD.W     #23176,r13            ; [] |83| 
         000008 5A88 
     309 00000a 503C          ADD.W     #12,r12               ; [] |83| 
         00000c 000C 
     310 00000e 4D8C          MOV.W     r13,0(r12)            ; [] |83| 
         000010 0000 
     311                    .dwpsn  file "../MSP430F5xx_6xx/wdt_a.c",line 85,column 1,is_stmt,isa 0
     312            $C$DW$22        .dwtag  DW_TAG_TI_branch
MSP430 Assembler PC v15.12.3 Wed Oct 12 11:25:59 2016

Tools Copyright (c) 2003-2015 Texas Instruments Incorporated
C:\Users\LokBok\AppData\Local\Temp\142042                            PAGE    7

     313                    .dwattr $C$DW$22, DW_AT_low_pc(0x00)
     314                    .dwattr $C$DW$22, DW_AT_TI_return
     315            
     316 000012 0110          RETA      ; [] 
     317                    ; [] 
     318                    .dwattr $C$DW$16, DW_AT_TI_end_file("../MSP430F5xx_6xx/wdt_a.c")
     319                    .dwattr $C$DW$16, DW_AT_TI_end_line(0x55)
     320                    .dwattr $C$DW$16, DW_AT_TI_end_column(0x01)
     321                    .dwendentry
     322                    .dwendtag $C$DW$16
     323            
     324 000000               .sect   ".text:WDT_A_initIntervalTimer"
     325                    .clink
     326                    .global WDT_A_initIntervalTimer
     327            
     328            $C$DW$23        .dwtag  DW_TAG_subprogram
     329                    .dwattr $C$DW$23, DW_AT_name("WDT_A_initIntervalTimer")
     330                    .dwattr $C$DW$23, DW_AT_low_pc(WDT_A_initIntervalTimer)
     331                    .dwattr $C$DW$23, DW_AT_high_pc(0x00)
     332                    .dwattr $C$DW$23, DW_AT_TI_symbol_name("WDT_A_initIntervalTimer")
     333                    .dwattr $C$DW$23, DW_AT_external
     334                    .dwattr $C$DW$23, DW_AT_TI_begin_file("../MSP430F5xx_6xx/wdt_a.c")
     335                    .dwattr $C$DW$23, DW_AT_TI_begin_line(0x57)
     336                    .dwattr $C$DW$23, DW_AT_TI_begin_column(0x06)
     337                    .dwattr $C$DW$23, DW_AT_decl_file("../MSP430F5xx_6xx/wdt_a.c")
     338                    .dwattr $C$DW$23, DW_AT_decl_line(0x57)
     339                    .dwattr $C$DW$23, DW_AT_decl_column(0x06)
     340                    .dwattr $C$DW$23, DW_AT_TI_max_frame_size(0x04)
     341                    .dwpsn  file "../MSP430F5xx_6xx/wdt_a.c",line 90,column 1,is_stmt,address WDT_A_initIntervalTi
     342            
     343                    .dwfde $C$DW$CIE, WDT_A_initIntervalTimer
     344            $C$DW$24        .dwtag  DW_TAG_formal_parameter
     345                    .dwattr $C$DW$24, DW_AT_name("baseAddress")
     346                    .dwattr $C$DW$24, DW_AT_TI_symbol_name("baseAddress")
     347                    .dwattr $C$DW$24, DW_AT_type(*$C$DW$T$19)
     348                    .dwattr $C$DW$24, DW_AT_location[DW_OP_reg12]
     349            
     350            $C$DW$25        .dwtag  DW_TAG_formal_parameter
     351                    .dwattr $C$DW$25, DW_AT_name("clockSelect")
     352                    .dwattr $C$DW$25, DW_AT_TI_symbol_name("clockSelect")
     353                    .dwattr $C$DW$25, DW_AT_type(*$C$DW$T$21)
     354                    .dwattr $C$DW$25, DW_AT_location[DW_OP_reg13]
     355            
     356            $C$DW$26        .dwtag  DW_TAG_formal_parameter
     357                    .dwattr $C$DW$26, DW_AT_name("clockDivider")
     358                    .dwattr $C$DW$26, DW_AT_TI_symbol_name("clockDivider")
     359                    .dwattr $C$DW$26, DW_AT_type(*$C$DW$T$21)
     360                    .dwattr $C$DW$26, DW_AT_location[DW_OP_reg14]
     361            
     362            
     363            ;*****************************************************************************
     364            ;* FUNCTION NAME: WDT_A_initIntervalTimer                                    *
     365            ;*                                                                           *
     366            ;*   Regs Modified     : SP,SR,r12,r13,r14                                   *
     367            ;*   Regs Used         : SP,SR,r12,r13,r14                                   *
MSP430 Assembler PC v15.12.3 Wed Oct 12 11:25:59 2016

Tools Copyright (c) 2003-2015 Texas Instruments Incorporated
C:\Users\LokBok\AppData\Local\Temp\142042                            PAGE    8

     368            ;*   Local Frame Size  : 0 Args + 0 Auto + 0 Save = 0 byte                   *
     369            ;*****************************************************************************
     370 000000       WDT_A_initIntervalTimer:
     371            ;* --------------------------------------------------------------------------*
     372                    .dwcfi  cfa_offset, 4
     373                    .dwcfi  save_reg_to_mem, 16, -4
     374            ;* r13   assigned to clockSelect
     375            $C$DW$27        .dwtag  DW_TAG_variable
     376                    .dwattr $C$DW$27, DW_AT_name("clockSelect")
     377                    .dwattr $C$DW$27, DW_AT_TI_symbol_name("clockSelect")
     378                    .dwattr $C$DW$27, DW_AT_type(*$C$DW$T$21)
     379                    .dwattr $C$DW$27, DW_AT_location[DW_OP_reg13]
     380            
     381            ;* r14   assigned to clockDivider
     382            $C$DW$28        .dwtag  DW_TAG_variable
     383                    .dwattr $C$DW$28, DW_AT_name("clockDivider")
     384                    .dwattr $C$DW$28, DW_AT_TI_symbol_name("clockDivider")
     385                    .dwattr $C$DW$28, DW_AT_type(*$C$DW$T$21)
     386                    .dwattr $C$DW$28, DW_AT_location[DW_OP_reg14]
     387            
     388                    .dwpsn  file "../MSP430F5xx_6xx/wdt_a.c",line 91,column 5,is_stmt,isa 0
     389 000000 4D4D          MOV.B     r13,r13               ; [] |91| 
     390 000002 4E4E          MOV.B     r14,r14               ; [] |91| 
     391 000004 5E0D          ADD.W     r14,r13               ; [] |91| 
     392 000006 503D          ADD.W     #23192,r13            ; [] |91| 
         000008 5A98 
     393 00000a 503C          ADD.W     #12,r12               ; [] |91| 
         00000c 000C 
     394 00000e 4D8C          MOV.W     r13,0(r12)            ; [] |91| 
         000010 0000 
     395                    .dwpsn  file "../MSP430F5xx_6xx/wdt_a.c",line 93,column 1,is_stmt,isa 0
     396            $C$DW$29        .dwtag  DW_TAG_TI_branch
     397                    .dwattr $C$DW$29, DW_AT_low_pc(0x00)
     398                    .dwattr $C$DW$29, DW_AT_TI_return
     399            
     400 000012 0110          RETA      ; [] 
     401                    ; [] 
     402                    .dwattr $C$DW$23, DW_AT_TI_end_file("../MSP430F5xx_6xx/wdt_a.c")
     403                    .dwattr $C$DW$23, DW_AT_TI_end_line(0x5d)
     404                    .dwattr $C$DW$23, DW_AT_TI_end_column(0x01)
     405                    .dwendentry
     406                    .dwendtag $C$DW$23
     407            
     408            
     409            ;******************************************************************************
     410            ;* BUILD ATTRIBUTES                                                           *
     411            ;******************************************************************************
     412                    .battr "TI", Tag_File, 1, Tag_LPM_INFO(1)
     413                    .battr "TI", Tag_File, 1, Tag_PORTS_INIT_INFO("012345678901ABCDEFGHIJ0000000000001111000000000
     414                    .battr "TI", Tag_File, 1, Tag_HW_MPY32_INFO(2)
     415                    .battr "TI", Tag_File, 1, Tag_HW_MPY_ISR_INFO(1)
     416                    .battr "TI", Tag_File, 1, Tag_HW_MPY_INLINE_INFO(1)
     417                    .battr "mspabi", Tag_File, 1, Tag_enum_size(3)
     418            
     419            ;******************************************************************************
MSP430 Assembler PC v15.12.3 Wed Oct 12 11:25:59 2016

Tools Copyright (c) 2003-2015 Texas Instruments Incorporated
C:\Users\LokBok\AppData\Local\Temp\142042                            PAGE    9

     420            ;* TYPE INFORMATION                                                           *
     421            ;******************************************************************************
     422            $C$DW$T$2       .dwtag  DW_TAG_unspecified_type
     423                    .dwattr $C$DW$T$2, DW_AT_name("void")
     424            
     425            
     426            $C$DW$T$23      .dwtag  DW_TAG_subroutine_type
     427                    .dwattr $C$DW$T$23, DW_AT_language(DW_LANG_C)
     428                    .dwendtag $C$DW$T$23
     429            
     430            $C$DW$T$24      .dwtag  DW_TAG_pointer_type
     431                    .dwattr $C$DW$T$24, DW_AT_type(*$C$DW$T$23)
     432                    .dwattr $C$DW$T$24, DW_AT_address_class(0x14)
     433            
     434            $C$DW$T$25      .dwtag  DW_TAG_typedef
     435                    .dwattr $C$DW$T$25, DW_AT_name("__SFR_FARPTR")
     436                    .dwattr $C$DW$T$25, DW_AT_type(*$C$DW$T$24)
     437                    .dwattr $C$DW$T$25, DW_AT_language(DW_LANG_C)
     438                    .dwattr $C$DW$T$25, DW_AT_decl_file("D:\Program Files\TI CCSv6\ccsv6\ccs_base\msp430\include\m
     439                    .dwattr $C$DW$T$25, DW_AT_decl_line(0x47)
     440                    .dwattr $C$DW$T$25, DW_AT_decl_column(0x11)
     441            
     442            $C$DW$T$4       .dwtag  DW_TAG_base_type
     443                    .dwattr $C$DW$T$4, DW_AT_encoding(DW_ATE_boolean)
     444                    .dwattr $C$DW$T$4, DW_AT_name("bool")
     445                    .dwattr $C$DW$T$4, DW_AT_byte_size(0x01)
     446            
     447            $C$DW$T$5       .dwtag  DW_TAG_base_type
     448                    .dwattr $C$DW$T$5, DW_AT_encoding(DW_ATE_signed_char)
     449                    .dwattr $C$DW$T$5, DW_AT_name("signed char")
     450                    .dwattr $C$DW$T$5, DW_AT_byte_size(0x01)
     451            
     452            $C$DW$T$26      .dwtag  DW_TAG_typedef
     453                    .dwattr $C$DW$T$26, DW_AT_name("int8_t")
     454                    .dwattr $C$DW$T$26, DW_AT_type(*$C$DW$T$5)
     455                    .dwattr $C$DW$T$26, DW_AT_language(DW_LANG_C)
     456                    .dwattr $C$DW$T$26, DW_AT_decl_file("D:/Program Files/TI CCSv6/ccsv6/tools/compiler/msp430_15.
     457                    .dwattr $C$DW$T$26, DW_AT_decl_line(0x2a)
     458                    .dwattr $C$DW$T$26, DW_AT_decl_column(0x1e)
     459            
     460            $C$DW$T$27      .dwtag  DW_TAG_typedef
     461                    .dwattr $C$DW$T$27, DW_AT_name("int_least8_t")
     462                    .dwattr $C$DW$T$27, DW_AT_type(*$C$DW$T$26)
     463                    .dwattr $C$DW$T$27, DW_AT_language(DW_LANG_C)
     464                    .dwattr $C$DW$T$27, DW_AT_decl_file("D:/Program Files/TI CCSv6/ccsv6/tools/compiler/msp430_15.
     465                    .dwattr $C$DW$T$27, DW_AT_decl_line(0x37)
     466                    .dwattr $C$DW$T$27, DW_AT_decl_column(0x17)
     467            
     468            $C$DW$T$6       .dwtag  DW_TAG_base_type
     469                    .dwattr $C$DW$T$6, DW_AT_encoding(DW_ATE_unsigned_char)
     470                    .dwattr $C$DW$T$6, DW_AT_name("unsigned char")
     471                    .dwattr $C$DW$T$6, DW_AT_byte_size(0x01)
     472            
     473            $C$DW$T$21      .dwtag  DW_TAG_typedef
     474                    .dwattr $C$DW$T$21, DW_AT_name("uint8_t")
MSP430 Assembler PC v15.12.3 Wed Oct 12 11:25:59 2016

Tools Copyright (c) 2003-2015 Texas Instruments Incorporated
C:\Users\LokBok\AppData\Local\Temp\142042                            PAGE   10

     475                    .dwattr $C$DW$T$21, DW_AT_type(*$C$DW$T$6)
     476                    .dwattr $C$DW$T$21, DW_AT_language(DW_LANG_C)
     477                    .dwattr $C$DW$T$21, DW_AT_decl_file("D:/Program Files/TI CCSv6/ccsv6/tools/compiler/msp430_15.
     478                    .dwattr $C$DW$T$21, DW_AT_decl_line(0x2b)
     479                    .dwattr $C$DW$T$21, DW_AT_decl_column(0x1d)
     480            
     481            $C$DW$T$28      .dwtag  DW_TAG_typedef
     482                    .dwattr $C$DW$T$28, DW_AT_name("uint_least8_t")
     483                    .dwattr $C$DW$T$28, DW_AT_type(*$C$DW$T$21)
     484                    .dwattr $C$DW$T$28, DW_AT_language(DW_LANG_C)
     485                    .dwattr $C$DW$T$28, DW_AT_decl_file("D:/Program Files/TI CCSv6/ccsv6/tools/compiler/msp430_15.
     486                    .dwattr $C$DW$T$28, DW_AT_decl_line(0x38)
     487                    .dwattr $C$DW$T$28, DW_AT_decl_column(0x16)
     488            
     489            $C$DW$T$7       .dwtag  DW_TAG_base_type
     490                    .dwattr $C$DW$T$7, DW_AT_encoding(DW_ATE_signed_char)
     491                    .dwattr $C$DW$T$7, DW_AT_name("wchar_t")
     492                    .dwattr $C$DW$T$7, DW_AT_byte_size(0x02)
     493            
     494            $C$DW$T$8       .dwtag  DW_TAG_base_type
     495                    .dwattr $C$DW$T$8, DW_AT_encoding(DW_ATE_signed)
     496                    .dwattr $C$DW$T$8, DW_AT_name("short")
     497                    .dwattr $C$DW$T$8, DW_AT_byte_size(0x02)
     498            
     499            $C$DW$T$9       .dwtag  DW_TAG_base_type
     500                    .dwattr $C$DW$T$9, DW_AT_encoding(DW_ATE_unsigned)
     501                    .dwattr $C$DW$T$9, DW_AT_name("unsigned short")
     502                    .dwattr $C$DW$T$9, DW_AT_byte_size(0x02)
     503            
     504            $C$DW$T$10      .dwtag  DW_TAG_base_type
     505                    .dwattr $C$DW$T$10, DW_AT_encoding(DW_ATE_signed)
     506                    .dwattr $C$DW$T$10, DW_AT_name("int")
     507                    .dwattr $C$DW$T$10, DW_AT_byte_size(0x02)
     508            
     509            $C$DW$T$29      .dwtag  DW_TAG_typedef
     510                    .dwattr $C$DW$T$29, DW_AT_name("int16_t")
     511                    .dwattr $C$DW$T$29, DW_AT_type(*$C$DW$T$10)
     512                    .dwattr $C$DW$T$29, DW_AT_language(DW_LANG_C)
     513                    .dwattr $C$DW$T$29, DW_AT_decl_file("D:/Program Files/TI CCSv6/ccsv6/tools/compiler/msp430_15.
     514                    .dwattr $C$DW$T$29, DW_AT_decl_line(0x2c)
     515                    .dwattr $C$DW$T$29, DW_AT_decl_column(0x1d)
     516            
     517            $C$DW$T$30      .dwtag  DW_TAG_typedef
     518                    .dwattr $C$DW$T$30, DW_AT_name("int_fast16_t")
     519                    .dwattr $C$DW$T$30, DW_AT_type(*$C$DW$T$29)
     520                    .dwattr $C$DW$T$30, DW_AT_language(DW_LANG_C)
     521                    .dwattr $C$DW$T$30, DW_AT_decl_file("D:/Program Files/TI CCSv6/ccsv6/tools/compiler/msp430_15.
     522                    .dwattr $C$DW$T$30, DW_AT_decl_line(0x47)
     523                    .dwattr $C$DW$T$30, DW_AT_decl_column(0x17)
     524            
     525            $C$DW$T$31      .dwtag  DW_TAG_typedef
     526                    .dwattr $C$DW$T$31, DW_AT_name("int_fast8_t")
     527                    .dwattr $C$DW$T$31, DW_AT_type(*$C$DW$T$29)
     528                    .dwattr $C$DW$T$31, DW_AT_language(DW_LANG_C)
     529                    .dwattr $C$DW$T$31, DW_AT_decl_file("D:/Program Files/TI CCSv6/ccsv6/tools/compiler/msp430_15.
MSP430 Assembler PC v15.12.3 Wed Oct 12 11:25:59 2016

Tools Copyright (c) 2003-2015 Texas Instruments Incorporated
C:\Users\LokBok\AppData\Local\Temp\142042                            PAGE   11

     530                    .dwattr $C$DW$T$31, DW_AT_decl_line(0x45)
     531                    .dwattr $C$DW$T$31, DW_AT_decl_column(0x17)
     532            
     533            $C$DW$T$32      .dwtag  DW_TAG_typedef
     534                    .dwattr $C$DW$T$32, DW_AT_name("int_least16_t")
     535                    .dwattr $C$DW$T$32, DW_AT_type(*$C$DW$T$29)
     536                    .dwattr $C$DW$T$32, DW_AT_language(DW_LANG_C)
     537                    .dwattr $C$DW$T$32, DW_AT_decl_file("D:/Program Files/TI CCSv6/ccsv6/tools/compiler/msp430_15.
     538                    .dwattr $C$DW$T$32, DW_AT_decl_line(0x3a)
     539                    .dwattr $C$DW$T$32, DW_AT_decl_column(0x17)
     540            
     541            $C$DW$T$11      .dwtag  DW_TAG_base_type
     542                    .dwattr $C$DW$T$11, DW_AT_encoding(DW_ATE_unsigned)
     543                    .dwattr $C$DW$T$11, DW_AT_name("unsigned int")
     544                    .dwattr $C$DW$T$11, DW_AT_byte_size(0x02)
     545            
     546            $C$DW$T$19      .dwtag  DW_TAG_typedef
     547                    .dwattr $C$DW$T$19, DW_AT_name("uint16_t")
     548                    .dwattr $C$DW$T$19, DW_AT_type(*$C$DW$T$11)
     549                    .dwattr $C$DW$T$19, DW_AT_language(DW_LANG_C)
     550                    .dwattr $C$DW$T$19, DW_AT_decl_file("D:/Program Files/TI CCSv6/ccsv6/tools/compiler/msp430_15.
     551                    .dwattr $C$DW$T$19, DW_AT_decl_line(0x2d)
     552                    .dwattr $C$DW$T$19, DW_AT_decl_column(0x1c)
     553            
     554            $C$DW$T$35      .dwtag  DW_TAG_typedef
     555                    .dwattr $C$DW$T$35, DW_AT_name("uint_fast16_t")
     556                    .dwattr $C$DW$T$35, DW_AT_type(*$C$DW$T$19)
     557                    .dwattr $C$DW$T$35, DW_AT_language(DW_LANG_C)
     558                    .dwattr $C$DW$T$35, DW_AT_decl_file("D:/Program Files/TI CCSv6/ccsv6/tools/compiler/msp430_15.
     559                    .dwattr $C$DW$T$35, DW_AT_decl_line(0x48)
     560                    .dwattr $C$DW$T$35, DW_AT_decl_column(0x16)
     561            
     562            $C$DW$T$36      .dwtag  DW_TAG_typedef
     563                    .dwattr $C$DW$T$36, DW_AT_name("uint_fast8_t")
     564                    .dwattr $C$DW$T$36, DW_AT_type(*$C$DW$T$19)
     565                    .dwattr $C$DW$T$36, DW_AT_language(DW_LANG_C)
     566                    .dwattr $C$DW$T$36, DW_AT_decl_file("D:/Program Files/TI CCSv6/ccsv6/tools/compiler/msp430_15.
     567                    .dwattr $C$DW$T$36, DW_AT_decl_line(0x46)
     568                    .dwattr $C$DW$T$36, DW_AT_decl_column(0x16)
     569            
     570            $C$DW$T$37      .dwtag  DW_TAG_typedef
     571                    .dwattr $C$DW$T$37, DW_AT_name("uint_least16_t")
     572                    .dwattr $C$DW$T$37, DW_AT_type(*$C$DW$T$19)
     573                    .dwattr $C$DW$T$37, DW_AT_language(DW_LANG_C)
     574                    .dwattr $C$DW$T$37, DW_AT_decl_file("D:/Program Files/TI CCSv6/ccsv6/tools/compiler/msp430_15.
     575                    .dwattr $C$DW$T$37, DW_AT_decl_line(0x3b)
     576                    .dwattr $C$DW$T$37, DW_AT_decl_column(0x16)
     577            
     578            $C$DW$T$12      .dwtag  DW_TAG_base_type
     579                    .dwattr $C$DW$T$12, DW_AT_encoding(DW_ATE_signed)
     580                    .dwattr $C$DW$T$12, DW_AT_name("long")
     581                    .dwattr $C$DW$T$12, DW_AT_byte_size(0x04)
     582            
     583            $C$DW$T$38      .dwtag  DW_TAG_typedef
     584                    .dwattr $C$DW$T$38, DW_AT_name("int32_t")
MSP430 Assembler PC v15.12.3 Wed Oct 12 11:25:59 2016

Tools Copyright (c) 2003-2015 Texas Instruments Incorporated
C:\Users\LokBok\AppData\Local\Temp\142042                            PAGE   12

     585                    .dwattr $C$DW$T$38, DW_AT_type(*$C$DW$T$12)
     586                    .dwattr $C$DW$T$38, DW_AT_language(DW_LANG_C)
     587                    .dwattr $C$DW$T$38, DW_AT_decl_file("D:/Program Files/TI CCSv6/ccsv6/tools/compiler/msp430_15.
     588                    .dwattr $C$DW$T$38, DW_AT_decl_line(0x2e)
     589                    .dwattr $C$DW$T$38, DW_AT_decl_column(0x1d)
     590            
     591            $C$DW$T$39      .dwtag  DW_TAG_typedef
     592                    .dwattr $C$DW$T$39, DW_AT_name("int_fast32_t")
     593                    .dwattr $C$DW$T$39, DW_AT_type(*$C$DW$T$38)
     594                    .dwattr $C$DW$T$39, DW_AT_language(DW_LANG_C)
     595                    .dwattr $C$DW$T$39, DW_AT_decl_file("D:/Program Files/TI CCSv6/ccsv6/tools/compiler/msp430_15.
     596                    .dwattr $C$DW$T$39, DW_AT_decl_line(0x4a)
     597                    .dwattr $C$DW$T$39, DW_AT_decl_column(0x17)
     598            
     599            $C$DW$T$40      .dwtag  DW_TAG_typedef
     600                    .dwattr $C$DW$T$40, DW_AT_name("int_least32_t")
     601                    .dwattr $C$DW$T$40, DW_AT_type(*$C$DW$T$38)
     602                    .dwattr $C$DW$T$40, DW_AT_language(DW_LANG_C)
     603                    .dwattr $C$DW$T$40, DW_AT_decl_file("D:/Program Files/TI CCSv6/ccsv6/tools/compiler/msp430_15.
     604                    .dwattr $C$DW$T$40, DW_AT_decl_line(0x3c)
     605                    .dwattr $C$DW$T$40, DW_AT_decl_column(0x17)
     606            
     607            $C$DW$T$41      .dwtag  DW_TAG_typedef
     608                    .dwattr $C$DW$T$41, DW_AT_name("intptr_t")
     609                    .dwattr $C$DW$T$41, DW_AT_type(*$C$DW$T$12)
     610                    .dwattr $C$DW$T$41, DW_AT_language(DW_LANG_C)
     611                    .dwattr $C$DW$T$41, DW_AT_decl_file("D:/Program Files/TI CCSv6/ccsv6/tools/compiler/msp430_15.
     612                    .dwattr $C$DW$T$41, DW_AT_decl_line(0x55)
     613                    .dwattr $C$DW$T$41, DW_AT_decl_column(0x1b)
     614            
     615            $C$DW$T$13      .dwtag  DW_TAG_base_type
     616                    .dwattr $C$DW$T$13, DW_AT_encoding(DW_ATE_unsigned)
     617                    .dwattr $C$DW$T$13, DW_AT_name("unsigned long")
     618                    .dwattr $C$DW$T$13, DW_AT_byte_size(0x04)
     619            
     620            $C$DW$T$42      .dwtag  DW_TAG_typedef
     621                    .dwattr $C$DW$T$42, DW_AT_name("uint32_t")
     622                    .dwattr $C$DW$T$42, DW_AT_type(*$C$DW$T$13)
     623                    .dwattr $C$DW$T$42, DW_AT_language(DW_LANG_C)
     624                    .dwattr $C$DW$T$42, DW_AT_decl_file("D:/Program Files/TI CCSv6/ccsv6/tools/compiler/msp430_15.
     625                    .dwattr $C$DW$T$42, DW_AT_decl_line(0x2f)
     626                    .dwattr $C$DW$T$42, DW_AT_decl_column(0x1c)
     627            
     628            $C$DW$T$43      .dwtag  DW_TAG_typedef
     629                    .dwattr $C$DW$T$43, DW_AT_name("uint_fast32_t")
     630                    .dwattr $C$DW$T$43, DW_AT_type(*$C$DW$T$42)
     631                    .dwattr $C$DW$T$43, DW_AT_language(DW_LANG_C)
     632                    .dwattr $C$DW$T$43, DW_AT_decl_file("D:/Program Files/TI CCSv6/ccsv6/tools/compiler/msp430_15.
     633                    .dwattr $C$DW$T$43, DW_AT_decl_line(0x4b)
     634                    .dwattr $C$DW$T$43, DW_AT_decl_column(0x16)
     635            
     636            $C$DW$T$44      .dwtag  DW_TAG_typedef
     637                    .dwattr $C$DW$T$44, DW_AT_name("uint_least32_t")
     638                    .dwattr $C$DW$T$44, DW_AT_type(*$C$DW$T$42)
     639                    .dwattr $C$DW$T$44, DW_AT_language(DW_LANG_C)
MSP430 Assembler PC v15.12.3 Wed Oct 12 11:25:59 2016

Tools Copyright (c) 2003-2015 Texas Instruments Incorporated
C:\Users\LokBok\AppData\Local\Temp\142042                            PAGE   13

     640                    .dwattr $C$DW$T$44, DW_AT_decl_file("D:/Program Files/TI CCSv6/ccsv6/tools/compiler/msp430_15.
     641                    .dwattr $C$DW$T$44, DW_AT_decl_line(0x3d)
     642                    .dwattr $C$DW$T$44, DW_AT_decl_column(0x16)
     643            
     644            $C$DW$T$45      .dwtag  DW_TAG_typedef
     645                    .dwattr $C$DW$T$45, DW_AT_name("uintptr_t")
     646                    .dwattr $C$DW$T$45, DW_AT_type(*$C$DW$T$13)
     647                    .dwattr $C$DW$T$45, DW_AT_language(DW_LANG_C)
     648                    .dwattr $C$DW$T$45, DW_AT_decl_file("D:/Program Files/TI CCSv6/ccsv6/tools/compiler/msp430_15.
     649                    .dwattr $C$DW$T$45, DW_AT_decl_line(0x56)
     650                    .dwattr $C$DW$T$45, DW_AT_decl_column(0x1b)
     651            
     652            $C$DW$T$14      .dwtag  DW_TAG_base_type
     653                    .dwattr $C$DW$T$14, DW_AT_encoding(DW_ATE_signed)
     654                    .dwattr $C$DW$T$14, DW_AT_name("long long")
     655                    .dwattr $C$DW$T$14, DW_AT_byte_size(0x08)
     656            
     657            $C$DW$T$46      .dwtag  DW_TAG_typedef
     658                    .dwattr $C$DW$T$46, DW_AT_name("int64_t")
     659                    .dwattr $C$DW$T$46, DW_AT_type(*$C$DW$T$14)
     660                    .dwattr $C$DW$T$46, DW_AT_language(DW_LANG_C)
     661                    .dwattr $C$DW$T$46, DW_AT_decl_file("D:/Program Files/TI CCSv6/ccsv6/tools/compiler/msp430_15.
     662                    .dwattr $C$DW$T$46, DW_AT_decl_line(0x32)
     663                    .dwattr $C$DW$T$46, DW_AT_decl_column(0x21)
     664            
     665            $C$DW$T$47      .dwtag  DW_TAG_typedef
     666                    .dwattr $C$DW$T$47, DW_AT_name("int_fast64_t")
     667                    .dwattr $C$DW$T$47, DW_AT_type(*$C$DW$T$46)
     668                    .dwattr $C$DW$T$47, DW_AT_language(DW_LANG_C)
     669                    .dwattr $C$DW$T$47, DW_AT_decl_file("D:/Program Files/TI CCSv6/ccsv6/tools/compiler/msp430_15.
     670                    .dwattr $C$DW$T$47, DW_AT_decl_line(0x4e)
     671                    .dwattr $C$DW$T$47, DW_AT_decl_column(0x17)
     672            
     673            $C$DW$T$48      .dwtag  DW_TAG_typedef
     674                    .dwattr $C$DW$T$48, DW_AT_name("int_least64_t")
     675                    .dwattr $C$DW$T$48, DW_AT_type(*$C$DW$T$46)
     676                    .dwattr $C$DW$T$48, DW_AT_language(DW_LANG_C)
     677                    .dwattr $C$DW$T$48, DW_AT_decl_file("D:/Program Files/TI CCSv6/ccsv6/tools/compiler/msp430_15.
     678                    .dwattr $C$DW$T$48, DW_AT_decl_line(0x40)
     679                    .dwattr $C$DW$T$48, DW_AT_decl_column(0x17)
     680            
     681            $C$DW$T$49      .dwtag  DW_TAG_typedef
     682                    .dwattr $C$DW$T$49, DW_AT_name("intmax_t")
     683                    .dwattr $C$DW$T$49, DW_AT_type(*$C$DW$T$14)
     684                    .dwattr $C$DW$T$49, DW_AT_language(DW_LANG_C)
     685                    .dwattr $C$DW$T$49, DW_AT_decl_file("D:/Program Files/TI CCSv6/ccsv6/tools/compiler/msp430_15.
     686                    .dwattr $C$DW$T$49, DW_AT_decl_line(0x5d)
     687                    .dwattr $C$DW$T$49, DW_AT_decl_column(0x20)
     688            
     689            $C$DW$T$15      .dwtag  DW_TAG_base_type
     690                    .dwattr $C$DW$T$15, DW_AT_encoding(DW_ATE_unsigned)
     691                    .dwattr $C$DW$T$15, DW_AT_name("unsigned long long")
     692                    .dwattr $C$DW$T$15, DW_AT_byte_size(0x08)
     693            
     694            $C$DW$T$50      .dwtag  DW_TAG_typedef
MSP430 Assembler PC v15.12.3 Wed Oct 12 11:25:59 2016

Tools Copyright (c) 2003-2015 Texas Instruments Incorporated
C:\Users\LokBok\AppData\Local\Temp\142042                            PAGE   14

     695                    .dwattr $C$DW$T$50, DW_AT_name("uint64_t")
     696                    .dwattr $C$DW$T$50, DW_AT_type(*$C$DW$T$15)
     697                    .dwattr $C$DW$T$50, DW_AT_language(DW_LANG_C)
     698                    .dwattr $C$DW$T$50, DW_AT_decl_file("D:/Program Files/TI CCSv6/ccsv6/tools/compiler/msp430_15.
     699                    .dwattr $C$DW$T$50, DW_AT_decl_line(0x33)
     700                    .dwattr $C$DW$T$50, DW_AT_decl_column(0x20)
     701            
     702            $C$DW$T$51      .dwtag  DW_TAG_typedef
     703                    .dwattr $C$DW$T$51, DW_AT_name("uint_fast64_t")
     704                    .dwattr $C$DW$T$51, DW_AT_type(*$C$DW$T$50)
     705                    .dwattr $C$DW$T$51, DW_AT_language(DW_LANG_C)
     706                    .dwattr $C$DW$T$51, DW_AT_decl_file("D:/Program Files/TI CCSv6/ccsv6/tools/compiler/msp430_15.
     707                    .dwattr $C$DW$T$51, DW_AT_decl_line(0x4f)
     708                    .dwattr $C$DW$T$51, DW_AT_decl_column(0x16)
     709            
     710            $C$DW$T$52      .dwtag  DW_TAG_typedef
     711                    .dwattr $C$DW$T$52, DW_AT_name("uint_least64_t")
     712                    .dwattr $C$DW$T$52, DW_AT_type(*$C$DW$T$50)
     713                    .dwattr $C$DW$T$52, DW_AT_language(DW_LANG_C)
     714                    .dwattr $C$DW$T$52, DW_AT_decl_file("D:/Program Files/TI CCSv6/ccsv6/tools/compiler/msp430_15.
     715                    .dwattr $C$DW$T$52, DW_AT_decl_line(0x41)
     716                    .dwattr $C$DW$T$52, DW_AT_decl_column(0x16)
     717            
     718            $C$DW$T$53      .dwtag  DW_TAG_typedef
     719                    .dwattr $C$DW$T$53, DW_AT_name("uintmax_t")
     720                    .dwattr $C$DW$T$53, DW_AT_type(*$C$DW$T$15)
     721                    .dwattr $C$DW$T$53, DW_AT_language(DW_LANG_C)
     722                    .dwattr $C$DW$T$53, DW_AT_decl_file("D:/Program Files/TI CCSv6/ccsv6/tools/compiler/msp430_15.
     723                    .dwattr $C$DW$T$53, DW_AT_decl_line(0x5e)
     724                    .dwattr $C$DW$T$53, DW_AT_decl_column(0x20)
     725            
     726            $C$DW$T$16      .dwtag  DW_TAG_base_type
     727                    .dwattr $C$DW$T$16, DW_AT_encoding(DW_ATE_float)
     728                    .dwattr $C$DW$T$16, DW_AT_name("float")
     729                    .dwattr $C$DW$T$16, DW_AT_byte_size(0x04)
     730            
     731            $C$DW$T$17      .dwtag  DW_TAG_base_type
     732                    .dwattr $C$DW$T$17, DW_AT_encoding(DW_ATE_float)
     733                    .dwattr $C$DW$T$17, DW_AT_name("double")
     734                    .dwattr $C$DW$T$17, DW_AT_byte_size(0x08)
     735            
     736            $C$DW$T$18      .dwtag  DW_TAG_base_type
     737                    .dwattr $C$DW$T$18, DW_AT_encoding(DW_ATE_float)
     738                    .dwattr $C$DW$T$18, DW_AT_name("long double")
     739                    .dwattr $C$DW$T$18, DW_AT_byte_size(0x08)
     740            
     741                    .dwattr $C$DW$CU, DW_AT_language(DW_LANG_C)
     742            
     743            ;***************************************************************
     744            ;* DWARF CIE ENTRIES                                           *
     745            ;***************************************************************
     746            
     747            $C$DW$CIE       .dwcie 16
     748                    .dwcfi  cfa_register, 1
     749                    .dwcfi  cfa_offset, 0
MSP430 Assembler PC v15.12.3 Wed Oct 12 11:25:59 2016

Tools Copyright (c) 2003-2015 Texas Instruments Incorporated
C:\Users\LokBok\AppData\Local\Temp\142042                            PAGE   15

     750                    .dwcfi  same_value, 0
     751                    .dwcfi  same_value, 1
     752                    .dwcfi  undefined, 2
     753                    .dwcfi  same_value, 3
     754                    .dwcfi  same_value, 4
     755                    .dwcfi  same_value, 5
     756                    .dwcfi  same_value, 6
     757                    .dwcfi  same_value, 7
     758                    .dwcfi  same_value, 8
     759                    .dwcfi  same_value, 9
     760                    .dwcfi  same_value, 10
     761                    .dwcfi  undefined, 11
     762                    .dwcfi  undefined, 12
     763                    .dwcfi  undefined, 13
     764                    .dwcfi  undefined, 14
     765                    .dwcfi  undefined, 15
     766                    .dwcfi  undefined, 16
     767                    .dwendentry
     768            
     769            ;***************************************************************
     770            ;* DWARF REGISTER MAP                                          *
     771            ;***************************************************************
     772            
     773            $C$DW$30        .dwtag  DW_TAG_TI_assign_register
     774                    .dwattr $C$DW$30, DW_AT_name("PC")
     775                    .dwattr $C$DW$30, DW_AT_location[DW_OP_reg0]
     776            
     777            $C$DW$31        .dwtag  DW_TAG_TI_assign_register
     778                    .dwattr $C$DW$31, DW_AT_name("SP")
     779                    .dwattr $C$DW$31, DW_AT_location[DW_OP_reg1]
     780            
     781            $C$DW$32        .dwtag  DW_TAG_TI_assign_register
     782                    .dwattr $C$DW$32, DW_AT_name("SR")
     783                    .dwattr $C$DW$32, DW_AT_location[DW_OP_reg2]
     784            
     785            $C$DW$33        .dwtag  DW_TAG_TI_assign_register
     786                    .dwattr $C$DW$33, DW_AT_name("CG")
     787                    .dwattr $C$DW$33, DW_AT_location[DW_OP_reg3]
     788            
     789            $C$DW$34        .dwtag  DW_TAG_TI_assign_register
     790                    .dwattr $C$DW$34, DW_AT_name("r4")
     791                    .dwattr $C$DW$34, DW_AT_location[DW_OP_reg4]
     792            
     793            $C$DW$35        .dwtag  DW_TAG_TI_assign_register
     794                    .dwattr $C$DW$35, DW_AT_name("r5")
     795                    .dwattr $C$DW$35, DW_AT_location[DW_OP_reg5]
     796            
     797            $C$DW$36        .dwtag  DW_TAG_TI_assign_register
     798                    .dwattr $C$DW$36, DW_AT_name("r6")
     799                    .dwattr $C$DW$36, DW_AT_location[DW_OP_reg6]
     800            
     801            $C$DW$37        .dwtag  DW_TAG_TI_assign_register
     802                    .dwattr $C$DW$37, DW_AT_name("r7")
     803                    .dwattr $C$DW$37, DW_AT_location[DW_OP_reg7]
     804            
MSP430 Assembler PC v15.12.3 Wed Oct 12 11:25:59 2016

Tools Copyright (c) 2003-2015 Texas Instruments Incorporated
C:\Users\LokBok\AppData\Local\Temp\142042                            PAGE   16

     805            $C$DW$38        .dwtag  DW_TAG_TI_assign_register
     806                    .dwattr $C$DW$38, DW_AT_name("r8")
     807                    .dwattr $C$DW$38, DW_AT_location[DW_OP_reg8]
     808            
     809            $C$DW$39        .dwtag  DW_TAG_TI_assign_register
     810                    .dwattr $C$DW$39, DW_AT_name("r9")
     811                    .dwattr $C$DW$39, DW_AT_location[DW_OP_reg9]
     812            
     813            $C$DW$40        .dwtag  DW_TAG_TI_assign_register
     814                    .dwattr $C$DW$40, DW_AT_name("r10")
     815                    .dwattr $C$DW$40, DW_AT_location[DW_OP_reg10]
     816            
     817            $C$DW$41        .dwtag  DW_TAG_TI_assign_register
     818                    .dwattr $C$DW$41, DW_AT_name("r11")
     819                    .dwattr $C$DW$41, DW_AT_location[DW_OP_reg11]
     820            
     821            $C$DW$42        .dwtag  DW_TAG_TI_assign_register
     822                    .dwattr $C$DW$42, DW_AT_name("r12")
     823                    .dwattr $C$DW$42, DW_AT_location[DW_OP_reg12]
     824            
     825            $C$DW$43        .dwtag  DW_TAG_TI_assign_register
     826                    .dwattr $C$DW$43, DW_AT_name("r13")
     827                    .dwattr $C$DW$43, DW_AT_location[DW_OP_reg13]
     828            
     829            $C$DW$44        .dwtag  DW_TAG_TI_assign_register
     830                    .dwattr $C$DW$44, DW_AT_name("r14")
     831                    .dwattr $C$DW$44, DW_AT_location[DW_OP_reg14]
     832            
     833            $C$DW$45        .dwtag  DW_TAG_TI_assign_register
     834                    .dwattr $C$DW$45, DW_AT_name("r15")
     835                    .dwattr $C$DW$45, DW_AT_location[DW_OP_reg15]
     836            
     837            $C$DW$46        .dwtag  DW_TAG_TI_assign_register
     838                    .dwattr $C$DW$46, DW_AT_name("CIE_RETA")
     839                    .dwattr $C$DW$46, DW_AT_location[DW_OP_reg16]
     840            
     841                    .dwendtag $C$DW$CU
     842            

No Assembly Errors, No Assembly Warnings
